{"/home/travis/build/npmtest/node-npmtest-charlatan/test.js":{"path":"/home/travis/build/npmtest/node-npmtest-charlatan/test.js","s":{"1":2,"2":2,"3":2,"4":2,"5":2,"6":2,"7":2,"8":1,"9":2,"10":2,"11":1,"12":1,"13":1,"14":1,"15":2,"16":2,"17":2,"18":2,"19":1,"20":1,"21":2,"22":2,"23":2,"24":1,"25":1,"26":1,"27":1,"28":1,"29":1,"30":1,"31":1,"32":1,"33":1,"34":1,"35":1,"36":1,"37":1,"38":1,"39":2,"40":2,"41":1,"42":2,"43":2,"44":1,"45":2,"46":2,"47":1,"48":2,"49":2,"50":1,"51":1,"52":1,"53":1,"54":1},"b":{"1":[2,1,1,1],"2":[1,1,1,1],"3":[1,1],"4":[1,1],"5":[1,1],"6":[1,1],"7":[1,1],"8":[1,1],"9":[1,1],"10":[1,1,1],"11":[1,1],"12":[1,1],"13":[1,1],"14":[1,1],"15":[1,1],"16":[1,1],"17":[1,1]},"f":{"1":2,"2":2,"3":2,"4":2,"5":2,"6":1,"7":1,"8":1,"9":2,"10":2,"11":2,"12":2,"13":1},"fnMap":{"1":{"name":"(anonymous_1)","line":12,"loc":{"start":{"line":12,"column":1},"end":{"line":12,"column":13}}},"2":{"name":"(anonymous_2)","line":19,"loc":{"start":{"line":19,"column":5},"end":{"line":19,"column":17}}},"3":{"name":"(anonymous_3)","line":23,"loc":{"start":{"line":23,"column":24},"end":{"line":23,"column":36}}},"4":{"name":"(anonymous_4)","line":61,"loc":{"start":{"line":61,"column":5},"end":{"line":61,"column":17}}},"5":{"name":"(anonymous_5)","line":82,"loc":{"start":{"line":82,"column":5},"end":{"line":82,"column":17}}},"6":{"name":"(anonymous_6)","line":91,"loc":{"start":{"line":91,"column":77},"end":{"line":94,"column":10}}},"7":{"name":"(anonymous_7)","line":112,"loc":{"start":{"line":112,"column":83},"end":{"line":115,"column":10}},"skip":true},"8":{"name":"(anonymous_8)","line":123,"loc":{"start":{"line":123,"column":77},"end":{"line":126,"column":10}},"skip":true},"9":{"name":"(anonymous_9)","line":139,"loc":{"start":{"line":139,"column":12},"end":{"line":139,"column":40}},"skip":true},"10":{"name":"(anonymous_10)","line":147,"loc":{"start":{"line":147,"column":77},"end":{"line":150,"column":10}},"skip":true},"11":{"name":"(anonymous_11)","line":158,"loc":{"start":{"line":158,"column":83},"end":{"line":161,"column":10}},"skip":true},"12":{"name":"(anonymous_12)","line":169,"loc":{"start":{"line":169,"column":79},"end":{"line":172,"column":10}},"skip":true},"13":{"name":"(anonymous_13)","line":180,"loc":{"start":{"line":180,"column":75},"end":{"line":183,"column":10}},"skip":true}},"statementMap":{"1":{"start":{"line":12,"column":0},"end":{"line":195,"column":5}},"2":{"start":{"line":14,"column":4},"end":{"line":14,"column":14}},"3":{"start":{"line":19,"column":4},"end":{"line":56,"column":9}},"4":{"start":{"line":21,"column":8},"end":{"line":21,"column":19}},"5":{"start":{"line":23,"column":8},"end":{"line":35,"column":13}},"6":{"start":{"line":24,"column":12},"end":{"line":34,"column":13}},"7":{"start":{"line":25,"column":16},"end":{"line":28,"column":30}},"8":{"start":{"line":30,"column":16},"end":{"line":33,"column":27}},"9":{"start":{"line":37,"column":8},"end":{"line":39,"column":21}},"10":{"start":{"line":40,"column":8},"end":{"line":53,"column":9}},"11":{"start":{"line":43,"column":12},"end":{"line":46,"column":14}},"12":{"start":{"line":47,"column":12},"end":{"line":47,"column":18}},"13":{"start":{"line":50,"column":12},"end":{"line":51,"column":33}},"14":{"start":{"line":52,"column":12},"end":{"line":52,"column":18}},"15":{"start":{"line":55,"column":8},"end":{"line":55,"column":35}},"16":{"start":{"line":61,"column":4},"end":{"line":63,"column":9}},"17":{"start":{"line":62,"column":8},"end":{"line":62,"column":15}},"18":{"start":{"line":64,"column":4},"end":{"line":77,"column":5}},"19":{"start":{"line":70,"column":8},"end":{"line":70,"column":14}},"20":{"start":{"line":76,"column":8},"end":{"line":76,"column":14}},"21":{"start":{"line":82,"column":4},"end":{"line":84,"column":9}},"22":{"start":{"line":83,"column":8},"end":{"line":83,"column":15}},"23":{"start":{"line":85,"column":4},"end":{"line":194,"column":5}},"24":{"start":{"line":91,"column":8},"end":{"line":99,"column":10}},"25":{"start":{"line":98,"column":12},"end":{"line":98,"column":35}},"26":{"start":{"line":102,"column":8},"end":{"line":104,"column":63}},"27":{"start":{"line":105,"column":8},"end":{"line":105,"column":14}},"28":{"start":{"line":112,"column":8},"end":{"line":121,"column":10},"skip":true},"29":{"start":{"line":119,"column":12},"end":{"line":119,"column":55},"skip":true},"30":{"start":{"line":120,"column":12},"end":{"line":120,"column":48},"skip":true},"31":{"start":{"line":123,"column":8},"end":{"line":136,"column":10},"skip":true},"32":{"start":{"line":130,"column":12},"end":{"line":130,"column":76},"skip":true},"33":{"start":{"line":131,"column":12},"end":{"line":131,"column":73},"skip":true},"34":{"start":{"line":132,"column":12},"end":{"line":132,"column":74},"skip":true},"35":{"start":{"line":133,"column":12},"end":{"line":133,"column":79},"skip":true},"36":{"start":{"line":134,"column":12},"end":{"line":134,"column":25},"skip":true},"37":{"start":{"line":135,"column":12},"end":{"line":135,"column":45},"skip":true},"38":{"start":{"line":138,"column":8},"end":{"line":145,"column":14},"skip":true},"39":{"start":{"line":143,"column":16},"end":{"line":143,"column":29},"skip":true},"40":{"start":{"line":144,"column":16},"end":{"line":144,"column":55},"skip":true},"41":{"start":{"line":147,"column":8},"end":{"line":156,"column":10},"skip":true},"42":{"start":{"line":154,"column":12},"end":{"line":154,"column":25},"skip":true},"43":{"start":{"line":155,"column":12},"end":{"line":155,"column":45},"skip":true},"44":{"start":{"line":158,"column":8},"end":{"line":167,"column":10},"skip":true},"45":{"start":{"line":165,"column":12},"end":{"line":165,"column":25},"skip":true},"46":{"start":{"line":166,"column":12},"end":{"line":166,"column":48},"skip":true},"47":{"start":{"line":169,"column":8},"end":{"line":178,"column":10},"skip":true},"48":{"start":{"line":176,"column":12},"end":{"line":176,"column":25},"skip":true},"49":{"start":{"line":177,"column":12},"end":{"line":177,"column":46},"skip":true},"50":{"start":{"line":180,"column":8},"end":{"line":189,"column":10},"skip":true},"51":{"start":{"line":187,"column":12},"end":{"line":187,"column":94},"skip":true},"52":{"start":{"line":188,"column":12},"end":{"line":188,"column":48},"skip":true},"53":{"start":{"line":192,"column":8},"end":{"line":192,"column":35},"skip":true},"54":{"start":{"line":193,"column":8},"end":{"line":193,"column":14},"skip":true}},"branchMap":{"1":{"line":25,"type":"binary-expr","locations":[{"start":{"line":25,"column":23},"end":{"line":25,"column":62}},{"start":{"line":26,"column":20},"end":{"line":26,"column":70}},{"start":{"line":27,"column":20},"end":{"line":27,"column":71}},{"start":{"line":28,"column":20},"end":{"line":28,"column":29}}]},"2":{"line":30,"type":"binary-expr","locations":[{"start":{"line":30,"column":23},"end":{"line":30,"column":37}},{"start":{"line":31,"column":20},"end":{"line":31,"column":61}},{"start":{"line":32,"column":20},"end":{"line":32,"column":70}},{"start":{"line":33,"column":20},"end":{"line":33,"column":26}}]},"3":{"line":37,"type":"cond-expr","locations":[{"start":{"line":38,"column":14},"end":{"line":38,"column":20}},{"start":{"line":39,"column":14},"end":{"line":39,"column":20}}]},"4":{"line":40,"type":"switch","locations":[{"start":{"line":42,"column":8},"end":{"line":47,"column":18}},{"start":{"line":49,"column":8},"end":{"line":52,"column":18}}]},"5":{"line":44,"type":"binary-expr","locations":[{"start":{"line":44,"column":16},"end":{"line":44,"column":44}},{"start":{"line":44,"column":48},"end":{"line":44,"column":66}}]},"6":{"line":50,"type":"binary-expr","locations":[{"start":{"line":50,"column":21},"end":{"line":50,"column":49}},{"start":{"line":50,"column":53},"end":{"line":50,"column":72}}]},"7":{"line":64,"type":"switch","locations":[{"start":{"line":69,"column":4},"end":{"line":70,"column":14}},{"start":{"line":75,"column":4},"end":{"line":76,"column":14}}]},"8":{"line":85,"type":"switch","locations":[{"start":{"line":90,"column":4},"end":{"line":105,"column":14}},{"start":{"line":111,"column":4},"end":{"line":193,"column":14},"skip":true}]},"9":{"line":91,"type":"binary-expr","locations":[{"start":{"line":91,"column":42},"end":{"line":91,"column":73}},{"start":{"line":91,"column":77},"end":{"line":99,"column":9}}]},"10":{"line":102,"type":"binary-expr","locations":[{"start":{"line":102,"column":18},"end":{"line":102,"column":32}},{"start":{"line":103,"column":12},"end":{"line":103,"column":53}},{"start":{"line":104,"column":12},"end":{"line":104,"column":61}}]},"11":{"line":112,"type":"binary-expr","locations":[{"start":{"line":112,"column":45},"end":{"line":112,"column":79},"skip":true},{"start":{"line":112,"column":83},"end":{"line":121,"column":9},"skip":true}]},"12":{"line":123,"type":"binary-expr","locations":[{"start":{"line":123,"column":42},"end":{"line":123,"column":73},"skip":true},{"start":{"line":123,"column":77},"end":{"line":136,"column":9},"skip":true}]},"13":{"line":138,"type":"binary-expr","locations":[{"start":{"line":138,"column":48},"end":{"line":138,"column":85},"skip":true},{"start":{"line":139,"column":12},"end":{"line":145,"column":13},"skip":true}]},"14":{"line":147,"type":"binary-expr","locations":[{"start":{"line":147,"column":42},"end":{"line":147,"column":73},"skip":true},{"start":{"line":147,"column":77},"end":{"line":156,"column":9},"skip":true}]},"15":{"line":158,"type":"binary-expr","locations":[{"start":{"line":158,"column":45},"end":{"line":158,"column":79},"skip":true},{"start":{"line":158,"column":83},"end":{"line":167,"column":9},"skip":true}]},"16":{"line":169,"type":"binary-expr","locations":[{"start":{"line":169,"column":43},"end":{"line":169,"column":75},"skip":true},{"start":{"line":169,"column":79},"end":{"line":178,"column":9},"skip":true}]},"17":{"line":180,"type":"binary-expr","locations":[{"start":{"line":180,"column":41},"end":{"line":180,"column":71},"skip":true},{"start":{"line":180,"column":75},"end":{"line":189,"column":9},"skip":true}]}},"code":["/* istanbul instrument in package npmtest_charlatan */","/*jslint","    bitwise: true,","    browser: true,","    maxerr: 8,","    maxlen: 96,","    node: true,","    nomen: true,","    regexp: true,","    stupid: true","*/","(function () {","    'use strict';","    var local;","","","","    // run shared js-env code - pre-init","    (function () {","        // init local","        local = {};","        // init modeJs","        local.modeJs = (function () {","            try {","                return typeof navigator.userAgent === 'string' &&","                    typeof document.querySelector('body') === 'object' &&","                    typeof XMLHttpRequest.prototype.open === 'function' &&","                    'browser';","            } catch (errorCaughtBrowser) {","                return module.exports &&","                    typeof process.versions.node === 'string' &&","                    typeof require('http').createServer === 'function' &&","                    'node';","            }","        }());","        // init global","        local.global = local.modeJs === 'browser'","            ? window","            : global;","        switch (local.modeJs) {","        // re-init local from window.local","        case 'browser':","            local = local.global.utility2.objectSetDefault(","                local.global.utility2_rollup || local.global.local,","                local.global.utility2","            );","            break;","        // re-init local from example.js","        case 'node':","            local = (local.global.utility2_rollup || require('utility2'))","                .requireReadme();","            break;","        }","        // export local","        local.global.local = local;","    }());","","","","    // run shared js-env code - function","    (function () {","        return;","    }());","    switch (local.modeJs) {","","","","    // run browser js-env code - function","    case 'browser':","        break;","","","","    // run node js-env code - function","    case 'node':","        break;","    }","","","","    // run shared js-env code - post-init","    (function () {","        return;","    }());","    switch (local.modeJs) {","","","","    // run browser js-env code - post-init","    case 'browser':","        local.testCase_browser_nullCase = local.testCase_browser_nullCase || function (","            options,","            onError","        ) {","        /*","         * this function will test browsers's null-case handling-behavior-behavior","         */","            onError(null, options);","        };","","        // run tests","        local.nop(local.modeTest &&","            document.querySelector('#testRunButton1') &&","            document.querySelector('#testRunButton1').click());","        break;","","","","    // run node js-env code - post-init","    /* istanbul ignore next */","    case 'node':","        local.testCase_buildApidoc_default = local.testCase_buildApidoc_default || function (","            options,","            onError","        ) {","        /*","         * this function will test buildApidoc's default handling-behavior-behavior","         */","            options = { modulePathList: module.paths };","            local.buildApidoc(options, onError);","        };","","        local.testCase_buildApp_default = local.testCase_buildApp_default || function (","            options,","            onError","        ) {","        /*","         * this function will test buildApp's default handling-behavior-behavior","         */","            local.testCase_buildReadme_default(options, local.onErrorThrow);","            local.testCase_buildLib_default(options, local.onErrorThrow);","            local.testCase_buildTest_default(options, local.onErrorThrow);","            local.testCase_buildCustomOrg_default(options, local.onErrorThrow);","            options = [];","            local.buildApp(options, onError);","        };","","        local.testCase_buildCustomOrg_default = local.testCase_buildCustomOrg_default ||","            function (options, onError) {","            /*","             * this function will test buildCustomOrg's default handling-behavior","             */","                options = {};","                local.buildCustomOrg(options, onError);","            };","","        local.testCase_buildLib_default = local.testCase_buildLib_default || function (","            options,","            onError","        ) {","        /*","         * this function will test buildLib's default handling-behavior","         */","            options = {};","            local.buildLib(options, onError);","        };","","        local.testCase_buildReadme_default = local.testCase_buildReadme_default || function (","            options,","            onError","        ) {","        /*","         * this function will test buildReadme's default handling-behavior-behavior","         */","            options = {};","            local.buildReadme(options, onError);","        };","","        local.testCase_buildTest_default = local.testCase_buildTest_default || function (","            options,","            onError","        ) {","        /*","         * this function will test buildTest's default handling-behavior","         */","            options = {};","            local.buildTest(options, onError);","        };","","        local.testCase_webpage_default = local.testCase_webpage_default || function (","            options,","            onError","        ) {","        /*","         * this function will test webpage's default handling-behavior","         */","            options = { modeCoverageMerge: true, url: local.serverLocalHost + '?modeTest=1' };","            local.browserTest(options, onError);","        };","","        // run test-server","        local.testRunServer(local);","        break;","    }","}());",""],"l":{"12":2,"14":2,"19":2,"21":2,"23":2,"24":2,"25":2,"30":1,"37":2,"40":2,"43":1,"47":1,"50":1,"52":1,"55":2,"61":2,"62":2,"64":2,"70":1,"76":1,"82":2,"83":2,"85":2,"91":1,"98":1,"102":1,"105":1,"112":1,"119":1,"120":1,"123":1,"130":1,"131":1,"132":1,"133":1,"134":1,"135":1,"138":1,"143":2,"144":2,"147":1,"154":2,"155":2,"158":1,"165":2,"166":2,"169":1,"176":2,"177":2,"180":1,"187":1,"188":1,"192":1,"193":1}},"/home/travis/build/npmtest/node-npmtest-charlatan/lib.npmtest_charlatan.js":{"path":"/home/travis/build/npmtest/node-npmtest-charlatan/lib.npmtest_charlatan.js","s":{"1":2,"2":2,"3":2,"4":2,"5":2,"6":2,"7":2,"8":1,"9":2,"10":2,"11":2,"12":2,"13":1,"14":1,"15":1,"16":1},"b":{"1":[2,1,1,1],"2":[1,1,1,1],"3":[1,1],"4":[2,2],"5":[1,1]},"f":{"1":2,"2":2,"3":2},"fnMap":{"1":{"name":"(anonymous_1)","line":12,"loc":{"start":{"line":12,"column":1},"end":{"line":12,"column":13}}},"2":{"name":"(anonymous_2)","line":19,"loc":{"start":{"line":19,"column":5},"end":{"line":19,"column":17}}},"3":{"name":"(anonymous_3)","line":23,"loc":{"start":{"line":23,"column":24},"end":{"line":23,"column":36}}}},"statementMap":{"1":{"start":{"line":12,"column":0},"end":{"line":53,"column":5}},"2":{"start":{"line":14,"column":4},"end":{"line":14,"column":14}},"3":{"start":{"line":19,"column":4},"end":{"line":52,"column":9}},"4":{"start":{"line":21,"column":8},"end":{"line":21,"column":19}},"5":{"start":{"line":23,"column":8},"end":{"line":35,"column":13}},"6":{"start":{"line":24,"column":12},"end":{"line":34,"column":13}},"7":{"start":{"line":25,"column":16},"end":{"line":28,"column":30}},"8":{"start":{"line":30,"column":16},"end":{"line":33,"column":27}},"9":{"start":{"line":37,"column":8},"end":{"line":39,"column":21}},"10":{"start":{"line":41,"column":8},"end":{"line":41,"column":54}},"11":{"start":{"line":43,"column":8},"end":{"line":43,"column":54}},"12":{"start":{"line":45,"column":8},"end":{"line":51,"column":9}},"13":{"start":{"line":46,"column":12},"end":{"line":46,"column":60}},"14":{"start":{"line":48,"column":12},"end":{"line":48,"column":35}},"15":{"start":{"line":49,"column":12},"end":{"line":49,"column":49}},"16":{"start":{"line":50,"column":12},"end":{"line":50,"column":43}}},"branchMap":{"1":{"line":25,"type":"binary-expr","locations":[{"start":{"line":25,"column":23},"end":{"line":25,"column":62}},{"start":{"line":26,"column":20},"end":{"line":26,"column":70}},{"start":{"line":27,"column":20},"end":{"line":27,"column":71}},{"start":{"line":28,"column":20},"end":{"line":28,"column":29}}]},"2":{"line":30,"type":"binary-expr","locations":[{"start":{"line":30,"column":23},"end":{"line":30,"column":37}},{"start":{"line":31,"column":20},"end":{"line":31,"column":61}},{"start":{"line":32,"column":20},"end":{"line":32,"column":70}},{"start":{"line":33,"column":20},"end":{"line":33,"column":26}}]},"3":{"line":37,"type":"cond-expr","locations":[{"start":{"line":38,"column":14},"end":{"line":38,"column":20}},{"start":{"line":39,"column":14},"end":{"line":39,"column":20}}]},"4":{"line":41,"type":"binary-expr","locations":[{"start":{"line":41,"column":16},"end":{"line":41,"column":44}},{"start":{"line":41,"column":48},"end":{"line":41,"column":53}}]},"5":{"line":45,"type":"if","locations":[{"start":{"line":45,"column":8},"end":{"line":45,"column":8}},{"start":{"line":45,"column":8},"end":{"line":45,"column":8}}]}},"code":["/* istanbul instrument in package npmtest_charlatan */","/*jslint","    bitwise: true,","    browser: true,","    maxerr: 8,","    maxlen: 96,","    node: true,","    nomen: true,","    regexp: true,","    stupid: true","*/","(function () {","    'use strict';","    var local;","","","","    // run shared js-env code - pre-init","    (function () {","        // init local","        local = {};","        // init modeJs","        local.modeJs = (function () {","            try {","                return typeof navigator.userAgent === 'string' &&","                    typeof document.querySelector('body') === 'object' &&","                    typeof XMLHttpRequest.prototype.open === 'function' &&","                    'browser';","            } catch (errorCaughtBrowser) {","                return module.exports &&","                    typeof process.versions.node === 'string' &&","                    typeof require('http').createServer === 'function' &&","                    'node';","            }","        }());","        // init global","        local.global = local.modeJs === 'browser'","            ? window","            : global;","        // init utility2_rollup","        local = local.global.utility2_rollup || local;","        // init lib","        local.local = local.npmtest_charlatan = local;","        // init exports","        if (local.modeJs === 'browser') {","            local.global.utility2_npmtest_charlatan = local;","        } else {","            module.exports = local;","            module.exports.__dirname = __dirname;","            module.exports.module = module;","        }","    }());","}());",""],"l":{"12":2,"14":2,"19":2,"21":2,"23":2,"24":2,"25":2,"30":1,"37":2,"41":2,"43":2,"45":2,"46":1,"48":1,"49":1,"50":1}},"/home/travis/build/npmtest/node-npmtest-charlatan/example.js":{"path":"/home/travis/build/npmtest/node-npmtest-charlatan/example.js","s":{"1":2,"2":2,"3":2,"4":2,"5":2,"6":2,"7":2,"8":1,"9":2,"10":2,"11":2,"12":2,"13":1,"14":2,"15":2,"16":2,"17":2,"18":2,"19":0,"20":2,"21":1,"22":1,"23":1,"24":1,"25":1,"26":0,"27":0,"28":1,"29":1,"30":2,"31":0,"32":0,"33":0,"34":1,"35":2,"36":2,"37":3,"38":3,"39":3,"40":3,"41":0,"42":3,"43":3,"44":3,"45":1,"46":3,"47":1,"48":1,"49":1,"50":1,"51":1,"52":1,"53":1,"54":1,"55":1,"56":1,"57":0,"58":1,"59":6,"60":6,"61":1,"62":2,"63":0,"64":2,"65":1,"66":1,"67":0,"68":0,"69":0,"70":0,"71":0,"72":0,"73":0,"74":0,"75":0,"76":0,"77":0,"78":0,"79":0,"80":0,"81":0,"82":0,"83":0},"b":{"1":[2,1,1,1],"2":[1,1,1,1],"3":[1,1],"4":[2,2],"5":[1,1],"6":[1,1],"7":[2,0],"8":[2,1,1,1,1,1],"9":[0,2,0],"10":[1,1],"11":[2,1,1],"12":[1,0],"13":[0,2],"14":[2,0,0,0,0,0,0],"15":[0,3],"16":[3,0],"17":[1,1],"18":[0,1],"19":[1,2,0,2],"20":[1,0],"21":[1,1],"22":[0,0],"23":[0,0],"24":[0,0],"25":[0,0],"26":[0,0],"27":[0,0],"28":[0,0]},"f":{"1":2,"2":2,"3":2,"4":2,"5":2,"6":2,"7":3,"8":3,"9":3,"10":1,"11":6,"12":0},"fnMap":{"1":{"name":"(anonymous_1)","line":26,"loc":{"start":{"line":26,"column":1},"end":{"line":26,"column":13}}},"2":{"name":"(anonymous_2)","line":33,"loc":{"start":{"line":33,"column":5},"end":{"line":33,"column":17}}},"3":{"name":"(anonymous_3)","line":37,"loc":{"start":{"line":37,"column":24},"end":{"line":37,"column":36}}},"4":{"name":"(anonymous_4)","line":69,"loc":{"start":{"line":69,"column":31},"end":{"line":69,"column":48}},"skip":true},"5":{"name":"(anonymous_5)","line":78,"loc":{"start":{"line":78,"column":26},"end":{"line":78,"column":45}},"skip":true},"6":{"name":"(anonymous_6)","line":123,"loc":{"start":{"line":123,"column":33},"end":{"line":123,"column":48}},"skip":true},"7":{"name":"(anonymous_7)","line":125,"loc":{"start":{"line":125,"column":27},"end":{"line":125,"column":39}},"skip":true},"8":{"name":"(anonymous_8)","line":133,"loc":{"start":{"line":133,"column":59},"end":{"line":133,"column":74}},"skip":true},"9":{"name":"(anonymous_9)","line":143,"loc":{"start":{"line":143,"column":45},"end":{"line":143,"column":62}},"skip":true},"10":{"name":"(anonymous_10)","line":144,"loc":{"start":{"line":144,"column":73},"end":{"line":144,"column":92}},"skip":true},"11":{"name":"(anonymous_11)","line":272,"loc":{"start":{"line":272,"column":51},"end":{"line":272,"column":77}},"skip":true},"12":{"name":"(anonymous_12)","line":315,"loc":{"start":{"line":315,"column":32},"end":{"line":315,"column":61}},"skip":true}},"statementMap":{"1":{"start":{"line":26,"column":0},"end":{"line":326,"column":5}},"2":{"start":{"line":28,"column":4},"end":{"line":28,"column":14}},"3":{"start":{"line":33,"column":4},"end":{"line":60,"column":9}},"4":{"start":{"line":35,"column":8},"end":{"line":35,"column":19}},"5":{"start":{"line":37,"column":8},"end":{"line":49,"column":13}},"6":{"start":{"line":38,"column":12},"end":{"line":48,"column":13}},"7":{"start":{"line":39,"column":16},"end":{"line":42,"column":30}},"8":{"start":{"line":44,"column":16},"end":{"line":47,"column":27}},"9":{"start":{"line":51,"column":8},"end":{"line":53,"column":21}},"10":{"start":{"line":55,"column":8},"end":{"line":57,"column":45}},"11":{"start":{"line":59,"column":8},"end":{"line":59,"column":35}},"12":{"start":{"line":61,"column":4},"end":{"line":325,"column":5}},"13":{"start":{"line":69,"column":8},"end":{"line":121,"column":10},"skip":true},"14":{"start":{"line":70,"column":12},"end":{"line":88,"column":13},"skip":true},"15":{"start":{"line":76,"column":16},"end":{"line":87,"column":19},"skip":true},"16":{"start":{"line":79,"column":20},"end":{"line":86,"column":21},"skip":true},"17":{"start":{"line":82,"column":24},"end":{"line":82,"column":43},"skip":true},"18":{"start":{"line":83,"column":24},"end":{"line":83,"column":30},"skip":true},"19":{"start":{"line":85,"column":24},"end":{"line":85,"column":49},"skip":true},"20":{"start":{"line":89,"column":12},"end":{"line":107,"column":13},"skip":true},"21":{"start":{"line":92,"column":16},"end":{"line":102,"column":17},"skip":true},"22":{"start":{"line":93,"column":20},"end":{"line":93,"column":86},"skip":true},"23":{"start":{"line":94,"column":20},"end":{"line":95,"column":45},"skip":true},"24":{"start":{"line":96,"column":20},"end":{"line":96,"column":42},"skip":true},"25":{"start":{"line":97,"column":20},"end":{"line":97,"column":48},"skip":true},"26":{"start":{"line":100,"column":20},"end":{"line":100,"column":85},"skip":true},"27":{"start":{"line":101,"column":20},"end":{"line":101,"column":96},"skip":true},"28":{"start":{"line":103,"column":16},"end":{"line":103,"column":22},"skip":true},"29":{"start":{"line":106,"column":16},"end":{"line":106,"column":22},"skip":true},"30":{"start":{"line":108,"column":12},"end":{"line":120,"column":13},"skip":true},"31":{"start":{"line":114,"column":16},"end":{"line":119,"column":17},"skip":true},"32":{"start":{"line":116,"column":20},"end":{"line":116,"column":78},"skip":true},"33":{"start":{"line":118,"column":20},"end":{"line":118,"column":47},"skip":true},"34":{"start":{"line":123,"column":8},"end":{"line":141,"column":11},"skip":true},"35":{"start":{"line":124,"column":12},"end":{"line":124,"column":54},"skip":true},"36":{"start":{"line":125,"column":12},"end":{"line":140,"column":14},"skip":true},"37":{"start":{"line":126,"column":16},"end":{"line":126,"column":28},"skip":true},"38":{"start":{"line":127,"column":16},"end":{"line":127,"column":69},"skip":true},"39":{"start":{"line":128,"column":16},"end":{"line":128,"column":75},"skip":true},"40":{"start":{"line":129,"column":16},"end":{"line":131,"column":17},"skip":true},"41":{"start":{"line":130,"column":20},"end":{"line":130,"column":27},"skip":true},"42":{"start":{"line":133,"column":16},"end":{"line":137,"column":36},"skip":true},"43":{"start":{"line":134,"column":20},"end":{"line":136,"column":55},"skip":true},"44":{"start":{"line":139,"column":16},"end":{"line":139,"column":57},"skip":true},"45":{"start":{"line":143,"column":8},"end":{"line":147,"column":11},"skip":true},"46":{"start":{"line":144,"column":12},"end":{"line":146,"column":15},"skip":true},"47":{"start":{"line":145,"column":16},"end":{"line":145,"column":70},"skip":true},"48":{"start":{"line":149,"column":8},"end":{"line":149,"column":31},"skip":true},"49":{"start":{"line":150,"column":8},"end":{"line":150,"column":14},"skip":true},"50":{"start":{"line":158,"column":8},"end":{"line":158,"column":31},"skip":true},"51":{"start":{"line":160,"column":8},"end":{"line":160,"column":33},"skip":true},"52":{"start":{"line":161,"column":8},"end":{"line":161,"column":37},"skip":true},"53":{"start":{"line":162,"column":8},"end":{"line":162,"column":35},"skip":true},"54":{"start":{"line":164,"column":8},"end":{"line":164,"column":50},"skip":true},"55":{"start":{"line":166,"column":8},"end":{"line":256,"column":2},"skip":true},"56":{"start":{"line":258,"column":8},"end":{"line":286,"column":9},"skip":true},"57":{"start":{"line":259,"column":12},"end":{"line":269,"column":14},"skip":true},"58":{"start":{"line":271,"column":12},"end":{"line":285,"column":19},"skip":true},"59":{"start":{"line":274,"column":20},"end":{"line":274,"column":35},"skip":true},"60":{"start":{"line":275,"column":20},"end":{"line":284,"column":21},"skip":true},"61":{"start":{"line":277,"column":24},"end":{"line":277,"column":64},"skip":true},"62":{"start":{"line":279,"column":24},"end":{"line":279,"column":40},"skip":true},"63":{"start":{"line":281,"column":24},"end":{"line":281,"column":40},"skip":true},"64":{"start":{"line":283,"column":24},"end":{"line":283,"column":39},"skip":true},"65":{"start":{"line":288,"column":8},"end":{"line":290,"column":9},"skip":true},"66":{"start":{"line":289,"column":12},"end":{"line":289,"column":18},"skip":true},"67":{"start":{"line":291,"column":8},"end":{"line":293,"column":54},"skip":true},"68":{"start":{"line":296,"column":8},"end":{"line":301,"column":37},"skip":true},"69":{"start":{"line":303,"column":8},"end":{"line":303,"column":82},"skip":true},"70":{"start":{"line":306,"column":8},"end":{"line":308,"column":9},"skip":true},"71":{"start":{"line":307,"column":12},"end":{"line":307,"column":82},"skip":true},"72":{"start":{"line":310,"column":8},"end":{"line":312,"column":9},"skip":true},"73":{"start":{"line":311,"column":12},"end":{"line":311,"column":18},"skip":true},"74":{"start":{"line":313,"column":8},"end":{"line":313,"column":54},"skip":true},"75":{"start":{"line":314,"column":8},"end":{"line":314,"column":69},"skip":true},"76":{"start":{"line":315,"column":8},"end":{"line":323,"column":36},"skip":true},"77":{"start":{"line":316,"column":12},"end":{"line":316,"column":61},"skip":true},"78":{"start":{"line":317,"column":12},"end":{"line":320,"column":13},"skip":true},"79":{"start":{"line":318,"column":16},"end":{"line":318,"column":75},"skip":true},"80":{"start":{"line":319,"column":16},"end":{"line":319,"column":23},"skip":true},"81":{"start":{"line":321,"column":12},"end":{"line":321,"column":38},"skip":true},"82":{"start":{"line":322,"column":12},"end":{"line":322,"column":27},"skip":true},"83":{"start":{"line":324,"column":8},"end":{"line":324,"column":14},"skip":true}},"branchMap":{"1":{"line":39,"type":"binary-expr","locations":[{"start":{"line":39,"column":23},"end":{"line":39,"column":62}},{"start":{"line":40,"column":20},"end":{"line":40,"column":70}},{"start":{"line":41,"column":20},"end":{"line":41,"column":71}},{"start":{"line":42,"column":20},"end":{"line":42,"column":29}}]},"2":{"line":44,"type":"binary-expr","locations":[{"start":{"line":44,"column":23},"end":{"line":44,"column":37}},{"start":{"line":45,"column":20},"end":{"line":45,"column":61}},{"start":{"line":46,"column":20},"end":{"line":46,"column":70}},{"start":{"line":47,"column":20},"end":{"line":47,"column":26}}]},"3":{"line":51,"type":"cond-expr","locations":[{"start":{"line":52,"column":14},"end":{"line":52,"column":20}},{"start":{"line":53,"column":14},"end":{"line":53,"column":20}}]},"4":{"line":55,"type":"binary-expr","locations":[{"start":{"line":55,"column":16},"end":{"line":55,"column":44}},{"start":{"line":55,"column":49},"end":{"line":57,"column":43}}]},"5":{"line":55,"type":"cond-expr","locations":[{"start":{"line":56,"column":14},"end":{"line":56,"column":53}},{"start":{"line":57,"column":14},"end":{"line":57,"column":43}}]},"6":{"line":61,"type":"switch","locations":[{"start":{"line":68,"column":4},"end":{"line":150,"column":14},"skip":true},{"start":{"line":156,"column":4},"end":{"line":324,"column":14},"skip":true}]},"7":{"line":70,"type":"if","locations":[{"start":{"line":70,"column":12},"end":{"line":70,"column":12},"skip":true},{"start":{"line":70,"column":12},"end":{"line":70,"column":12},"skip":true}]},"8":{"line":70,"type":"binary-expr","locations":[{"start":{"line":70,"column":16},"end":{"line":70,"column":22},"skip":true},{"start":{"line":70,"column":27},"end":{"line":70,"column":32},"skip":true},{"start":{"line":71,"column":20},"end":{"line":71,"column":39},"skip":true},{"start":{"line":72,"column":20},"end":{"line":72,"column":49},"skip":true},{"start":{"line":73,"column":20},"end":{"line":73,"column":58},"skip":true},{"start":{"line":74,"column":20},"end":{"line":74,"column":69},"skip":true}]},"9":{"line":79,"type":"switch","locations":[{"start":{"line":80,"column":20},"end":{"line":80,"column":33},"skip":true},{"start":{"line":81,"column":20},"end":{"line":83,"column":30},"skip":true},{"start":{"line":84,"column":20},"end":{"line":85,"column":49},"skip":true}]},"10":{"line":89,"type":"switch","locations":[{"start":{"line":90,"column":12},"end":{"line":103,"column":22},"skip":true},{"start":{"line":105,"column":12},"end":{"line":106,"column":22},"skip":true}]},"11":{"line":89,"type":"binary-expr","locations":[{"start":{"line":89,"column":20},"end":{"line":89,"column":25},"skip":true},{"start":{"line":89,"column":29},"end":{"line":89,"column":48},"skip":true},{"start":{"line":89,"column":52},"end":{"line":89,"column":74},"skip":true}]},"12":{"line":92,"type":"if","locations":[{"start":{"line":92,"column":16},"end":{"line":92,"column":16},"skip":true},{"start":{"line":92,"column":16},"end":{"line":92,"column":16},"skip":true}]},"13":{"line":108,"type":"if","locations":[{"start":{"line":108,"column":12},"end":{"line":108,"column":12},"skip":true},{"start":{"line":108,"column":12},"end":{"line":108,"column":12},"skip":true}]},"14":{"line":108,"type":"binary-expr","locations":[{"start":{"line":108,"column":16},"end":{"line":108,"column":61},"skip":true},{"start":{"line":108,"column":66},"end":{"line":108,"column":72},"skip":true},{"start":{"line":108,"column":77},"end":{"line":108,"column":82},"skip":true},{"start":{"line":109,"column":20},"end":{"line":109,"column":39},"skip":true},{"start":{"line":110,"column":20},"end":{"line":110,"column":49},"skip":true},{"start":{"line":111,"column":20},"end":{"line":111,"column":58},"skip":true},{"start":{"line":112,"column":20},"end":{"line":112,"column":68},"skip":true}]},"15":{"line":129,"type":"if","locations":[{"start":{"line":129,"column":16},"end":{"line":129,"column":16},"skip":true},{"start":{"line":129,"column":16},"end":{"line":129,"column":16},"skip":true}]},"16":{"line":134,"type":"cond-expr","locations":[{"start":{"line":135,"column":26},"end":{"line":135,"column":29},"skip":true},{"start":{"line":136,"column":26},"end":{"line":136,"column":54},"skip":true}]},"17":{"line":164,"type":"binary-expr","locations":[{"start":{"line":164,"column":27},"end":{"line":164,"column":43},"skip":true},{"start":{"line":164,"column":47},"end":{"line":164,"column":49},"skip":true}]},"18":{"line":258,"type":"if","locations":[{"start":{"line":258,"column":8},"end":{"line":258,"column":8},"skip":true},{"start":{"line":258,"column":8},"end":{"line":258,"column":8},"skip":true}]},"19":{"line":275,"type":"switch","locations":[{"start":{"line":276,"column":20},"end":{"line":277,"column":64},"skip":true},{"start":{"line":278,"column":20},"end":{"line":279,"column":40},"skip":true},{"start":{"line":280,"column":20},"end":{"line":281,"column":40},"skip":true},{"start":{"line":282,"column":20},"end":{"line":283,"column":39},"skip":true}]},"20":{"line":288,"type":"if","locations":[{"start":{"line":288,"column":8},"end":{"line":288,"column":8},"skip":true},{"start":{"line":288,"column":8},"end":{"line":288,"column":8},"skip":true}]},"21":{"line":288,"type":"binary-expr","locations":[{"start":{"line":288,"column":12},"end":{"line":288,"column":40},"skip":true},{"start":{"line":288,"column":44},"end":{"line":288,"column":67},"skip":true}]},"22":{"line":292,"type":"binary-expr","locations":[{"start":{"line":292,"column":12},"end":{"line":292,"column":50},"skip":true},{"start":{"line":293,"column":12},"end":{"line":293,"column":53},"skip":true}]},"23":{"line":297,"type":"binary-expr","locations":[{"start":{"line":297,"column":12},"end":{"line":297,"column":67},"skip":true},{"start":{"line":298,"column":12},"end":{"line":301,"column":36},"skip":true}]},"24":{"line":303,"type":"binary-expr","locations":[{"start":{"line":303,"column":43},"end":{"line":303,"column":75},"skip":true},{"start":{"line":303,"column":79},"end":{"line":303,"column":81},"skip":true}]},"25":{"line":306,"type":"if","locations":[{"start":{"line":306,"column":8},"end":{"line":306,"column":8},"skip":true},{"start":{"line":306,"column":8},"end":{"line":306,"column":8},"skip":true}]},"26":{"line":310,"type":"if","locations":[{"start":{"line":310,"column":8},"end":{"line":310,"column":8},"skip":true},{"start":{"line":310,"column":8},"end":{"line":310,"column":8},"skip":true}]},"27":{"line":313,"type":"binary-expr","locations":[{"start":{"line":313,"column":27},"end":{"line":313,"column":43},"skip":true},{"start":{"line":313,"column":47},"end":{"line":313,"column":53},"skip":true}]},"28":{"line":317,"type":"if","locations":[{"start":{"line":317,"column":12},"end":{"line":317,"column":12},"skip":true},{"start":{"line":317,"column":12},"end":{"line":317,"column":12},"skip":true}]}},"code":["/*","example.js","","quickstart example","","instruction","    1. save this script as example.js","    2. run the shell command:","        $ npm install npmtest-charlatan && PORT=8081 node example.js","    3. play with the browser-demo on http://127.0.0.1:8081","*/","","","","/* istanbul instrument in package npmtest_charlatan */","/*jslint","    bitwise: true,","    browser: true,","    maxerr: 8,","    maxlen: 96,","    node: true,","    nomen: true,","    regexp: true,","    stupid: true","*/","(function () {","    'use strict';","    var local;","","","","    // run shared js-env code - pre-init","    (function () {","        // init local","        local = {};","        // init modeJs","        local.modeJs = (function () {","            try {","                return typeof navigator.userAgent === 'string' &&","                    typeof document.querySelector('body') === 'object' &&","                    typeof XMLHttpRequest.prototype.open === 'function' &&","                    'browser';","            } catch (errorCaughtBrowser) {","                return module.exports &&","                    typeof process.versions.node === 'string' &&","                    typeof require('http').createServer === 'function' &&","                    'node';","            }","        }());","        // init global","        local.global = local.modeJs === 'browser'","            ? window","            : global;","        // init utility2_rollup","        local = local.global.utility2_rollup || (local.modeJs === 'browser'","            ? local.global.utility2_npmtest_charlatan","            : global.utility2_moduleExports);","        // export local","        local.global.local = local;","    }());","    switch (local.modeJs) {","","","","    // post-init","    // run browser js-env code - post-init","    /* istanbul ignore next */","    case 'browser':","        local.testRunBrowser = function (event) {","            if (!event || (event &&","                    event.currentTarget &&","                    event.currentTarget.className &&","                    event.currentTarget.className.includes &&","                    event.currentTarget.className.includes('onreset'))) {","                // reset output","                Array.from(","                    document.querySelectorAll('body > .resettable')","                ).forEach(function (element) {","                    switch (element.tagName) {","                    case 'INPUT':","                    case 'TEXTAREA':","                        element.value = '';","                        break;","                    default:","                        element.textContent = '';","                    }","                });","            }","            switch (event && event.currentTarget && event.currentTarget.id) {","            case 'testRunButton1':","                // show tests","                if (document.querySelector('#testReportDiv1').style.display === 'none') {","                    document.querySelector('#testReportDiv1').style.display = 'block';","                    document.querySelector('#testRunButton1').textContent =","                        'hide internal test';","                    local.modeTest = true;","                    local.testRunDefault(local);","                // hide tests","                } else {","                    document.querySelector('#testReportDiv1').style.display = 'none';","                    document.querySelector('#testRunButton1').textContent = 'run internal test';","                }","                break;","            // custom-case","            default:","                break;","            }","            if (document.querySelector('#inputTextareaEval1') && (!event || (event &&","                    event.currentTarget &&","                    event.currentTarget.className &&","                    event.currentTarget.className.includes &&","                    event.currentTarget.className.includes('oneval')))) {","                // try to eval input-code","                try {","                    /*jslint evil: true*/","                    eval(document.querySelector('#inputTextareaEval1').value);","                } catch (errorCaught) {","                    console.error(errorCaught);","                }","            }","        };","        // log stderr and stdout to #outputTextareaStdout1","        ['error', 'log'].forEach(function (key) {","            console[key + '_original'] = console[key];","            console[key] = function () {","                var element;","                console[key + '_original'].apply(console, arguments);","                element = document.querySelector('#outputTextareaStdout1');","                if (!element) {","                    return;","                }","                // append text to #outputTextareaStdout1","                element.value += Array.from(arguments).map(function (arg) {","                    return typeof arg === 'string'","                        ? arg","                        : JSON.stringify(arg, null, 4);","                }).join(' ') + '\\n';","                // scroll textarea to bottom","                element.scrollTop = element.scrollHeight;","            };","        });","        // init event-handling","        ['change', 'click', 'keyup'].forEach(function (event) {","            Array.from(document.querySelectorAll('.on' + event)).forEach(function (element) {","                element.addEventListener(event, local.testRunBrowser);","            });","        });","        // run tests","        local.testRunBrowser();","        break;","","","","    // run node js-env code - post-init","    /* istanbul ignore next */","    case 'node':","        // export local","        module.exports = local;","        // require modules","        local.fs = require('fs');","        local.http = require('http');","        local.url = require('url');","        // init assets","        local.assetsDict = local.assetsDict || {};","        /* jslint-ignore-begin */","        local.assetsDict['/assets.index.template.html'] = '\\","<!doctype html>\\n\\","<html lang=\"en\">\\n\\","<head>\\n\\","<meta charset=\"UTF-8\">\\n\\","<meta name=\"viewport\" content=\"width=device-width, initial-scale=1\">\\n\\","<title>{{env.npm_package_name}} (v{{env.npm_package_version}})</title>\\n\\","<style>\\n\\","/*csslint\\n\\","    box-sizing: false,\\n\\","    universal-selector: false\\n\\","*/\\n\\","* {\\n\\","    box-sizing: border-box;\\n\\","}\\n\\","body {\\n\\","    background: #dde;\\n\\","    font-family: Arial, Helvetica, sans-serif;\\n\\","    margin: 2rem;\\n\\","}\\n\\","body > * {\\n\\","    margin-bottom: 1rem;\\n\\","}\\n\\",".utility2FooterDiv {\\n\\","    margin-top: 20px;\\n\\","    text-align: center;\\n\\","}\\n\\","</style>\\n\\","<style>\\n\\","/*csslint\\n\\","*/\\n\\","textarea {\\n\\","    font-family: monospace;\\n\\","    height: 10rem;\\n\\","    width: 100%;\\n\\","}\\n\\","textarea[readonly] {\\n\\","    background: #ddd;\\n\\","}\\n\\","</style>\\n\\","</head>\\n\\","<body>\\n\\","<!-- utility2-comment\\n\\","<div id=\"ajaxProgressDiv1\" style=\"background: #d00; height: 2px; left: 0; margin: 0; padding: 0; position: fixed; top: 0; transition: background 0.5s, width 1.5s; width: 25%;\"></div>\\n\\","utility2-comment -->\\n\\","<h1>\\n\\","<!-- utility2-comment\\n\\","    <a\\n\\","        {{#if env.npm_package_homepage}}\\n\\","        href=\"{{env.npm_package_homepage}}\"\\n\\","        {{/if env.npm_package_homepage}}\\n\\","        target=\"_blank\"\\n\\","    >\\n\\","utility2-comment -->\\n\\","        {{env.npm_package_name}} (v{{env.npm_package_version}})\\n\\","<!-- utility2-comment\\n\\","    </a>\\n\\","utility2-comment -->\\n\\","</h1>\\n\\","<h3>{{env.npm_package_description}}</h3>\\n\\","<!-- utility2-comment\\n\\","<h4><a download href=\"assets.app.js\">download standalone app</a></h4>\\n\\","<button class=\"onclick onreset\" id=\"testRunButton1\">run internal test</button><br>\\n\\","<div id=\"testReportDiv1\" style=\"display: none;\"></div>\\n\\","utility2-comment -->\\n\\","\\n\\","\\n\\","\\n\\","<label>stderr and stdout</label>\\n\\","<textarea class=\"resettable\" id=\"outputTextareaStdout1\" readonly></textarea>\\n\\","<!-- utility2-comment\\n\\","{{#if isRollup}}\\n\\","<script src=\"assets.app.js\"></script>\\n\\","{{#unless isRollup}}\\n\\","utility2-comment -->\\n\\","<script src=\"assets.utility2.rollup.js\"></script>\\n\\","<script src=\"jsonp.utility2._stateInit?callback=window.utility2._stateInit\"></script>\\n\\","<script src=\"assets.npmtest_charlatan.rollup.js\"></script>\\n\\","<script src=\"assets.example.js\"></script>\\n\\","<script src=\"assets.test.js\"></script>\\n\\","<!-- utility2-comment\\n\\","{{/if isRollup}}\\n\\","utility2-comment -->\\n\\","<div class=\"utility2FooterDiv\">\\n\\","    [ this app was created with\\n\\","    <a href=\"https://github.com/kaizhu256/node-utility2\" target=\"_blank\">utility2</a>\\n\\","    ]\\n\\","</div>\\n\\","</body>\\n\\","</html>\\n\\","';","        /* jslint-ignore-end */","        if (local.templateRender) {","            local.assetsDict['/'] = local.templateRender(","                local.assetsDict['/assets.index.template.html'],","                {","                    env: local.objectSetDefault(local.env, {","                        npm_package_description: 'the greatest app in the world!',","                        npm_package_name: 'my-app',","                        npm_package_nameAlias: 'my_app',","                        npm_package_version: '0.0.1'","                    })","                }","            );","        } else {","            local.assetsDict['/'] = local.assetsDict['/assets.index.template.html']","                .replace((/\\{\\{env\\.(\\w+?)\\}\\}/g), function (match0, match1) {","                    // jslint-hack","                    String(match0);","                    switch (match1) {","                    case 'npm_package_description':","                        return 'the greatest app in the world!';","                    case 'npm_package_name':","                        return 'my-app';","                    case 'npm_package_nameAlias':","                        return 'my_app';","                    case 'npm_package_version':","                        return '0.0.1';","                    }","                });","        }","        // run the cli","        if (local.global.utility2_rollup || module !== require.main) {","            break;","        }","        local.assetsDict['/assets.example.js'] =","            local.assetsDict['/assets.example.js'] ||","            local.fs.readFileSync(__filename, 'utf8');","        // bug-workaround - long $npm_package_buildCustomOrg","        /* jslint-ignore-begin */","        local.assetsDict['/assets.npmtest_charlatan.rollup.js'] =","            local.assetsDict['/assets.npmtest_charlatan.rollup.js'] ||","            local.fs.readFileSync(","                local.npmtest_charlatan.__dirname + '/lib.npmtest_charlatan.js',","                'utf8'","            ).replace((/^#!/), '//');","        /* jslint-ignore-end */","        local.assetsDict['/favicon.ico'] = local.assetsDict['/favicon.ico'] || '';","        // if $npm_config_timeout_exit exists,","        // then exit this process after $npm_config_timeout_exit ms","        if (Number(process.env.npm_config_timeout_exit)) {","            setTimeout(process.exit, Number(process.env.npm_config_timeout_exit));","        }","        // start server","        if (local.global.utility2_serverHttp1) {","            break;","        }","        process.env.PORT = process.env.PORT || '8081';","        console.error('server starting on port ' + process.env.PORT);","        local.http.createServer(function (request, response) {","            request.urlParsed = local.url.parse(request.url);","            if (local.assetsDict[request.urlParsed.pathname] !== undefined) {","                response.end(local.assetsDict[request.urlParsed.pathname]);","                return;","            }","            response.statusCode = 404;","            response.end();","        }).listen(process.env.PORT);","        break;","    }","}());",""],"l":{"26":2,"28":2,"33":2,"35":2,"37":2,"38":2,"39":2,"44":1,"51":2,"55":2,"59":2,"61":2,"69":1,"70":2,"76":2,"79":2,"82":2,"83":2,"85":1,"89":2,"92":1,"93":1,"94":1,"96":1,"97":1,"100":1,"101":1,"103":1,"106":1,"108":2,"114":1,"116":1,"118":1,"123":1,"124":2,"125":2,"126":3,"127":3,"128":3,"129":3,"130":1,"133":3,"134":3,"139":3,"143":1,"144":3,"145":1,"149":1,"150":1,"158":1,"160":1,"161":1,"162":1,"164":1,"166":1,"258":1,"259":1,"271":1,"274":6,"275":6,"277":1,"279":2,"281":1,"283":2,"288":1,"289":1,"291":1,"296":1,"303":1,"306":1,"307":1,"310":1,"311":1,"313":1,"314":1,"315":1,"316":1,"317":1,"318":1,"319":1,"321":1,"322":1,"324":1}},"/home/travis/build/npmtest/node-npmtest-charlatan/node_modules/charlatan/index.js":{"path":"/home/travis/build/npmtest/node-npmtest-charlatan/node_modules/charlatan/index.js","s":{"1":1},"b":{},"f":{},"fnMap":{},"statementMap":{"1":{"start":{"line":3,"column":0},"end":{"line":3,"column":44}}},"branchMap":{},"code":["'use strict';","","module.exports = require('./lib/charlatan');",""],"l":{"3":1}},"/home/travis/build/npmtest/node-npmtest-charlatan/node_modules/charlatan/lib/charlatan.js":{"path":"/home/travis/build/npmtest/node-npmtest-charlatan/node_modules/charlatan/lib/charlatan.js","s":{"1":1,"2":1,"3":1,"4":1,"5":1,"6":1,"7":1,"8":1,"9":1,"10":1,"11":1,"12":1,"13":1,"14":1,"15":1,"16":1,"17":1,"18":1,"19":1,"20":1,"21":1,"22":1,"23":1,"24":1,"25":1,"26":1,"27":0,"28":0,"29":0,"30":0,"31":0,"32":1,"33":0,"34":0,"35":1,"36":1,"37":0,"38":1,"39":1,"40":1,"41":1,"42":1,"43":0,"44":1,"45":0,"46":1,"47":0,"48":0,"49":0,"50":0,"51":0,"52":0,"53":0,"54":0,"55":0,"56":0,"57":0,"58":0,"59":0,"60":0,"61":1,"62":0,"63":0,"64":0,"65":0,"66":0,"67":0,"68":1,"69":0,"70":0,"71":0,"72":0,"73":0,"74":0,"75":0,"76":0,"77":0,"78":0,"79":1,"80":0,"81":0,"82":0,"83":1,"84":0,"85":0,"86":1,"87":0,"88":1,"89":0,"90":0,"91":1,"92":0,"93":0,"94":0,"95":0,"96":0,"97":0,"98":0,"99":0,"100":0,"101":1},"b":{"1":[0,0],"2":[0,0],"3":[0,0],"4":[0,1],"5":[1,0],"6":[0,0],"7":[0,0],"8":[0,0],"9":[0,0],"10":[0,0],"11":[0,0],"12":[0,0],"13":[0,0],"14":[0,0],"15":[0,0],"16":[0,0],"17":[0,0],"18":[0,0],"19":[0,0]},"f":{"1":0,"2":0,"3":0,"4":1,"5":0,"6":0,"7":0,"8":0,"9":0,"10":0,"11":0,"12":0,"13":0,"14":0,"15":0,"16":0,"17":0,"18":0,"19":0,"20":0,"21":0,"22":0,"23":0,"24":0},"fnMap":{"1":{"name":"getValue","line":45,"loc":{"start":{"line":45,"column":0},"end":{"line":45,"column":30}}},"2":{"name":"snake2camelcase","line":60,"loc":{"start":{"line":60,"column":0},"end":{"line":60,"column":30}}},"3":{"name":"(anonymous_3)","line":61,"loc":{"start":{"line":61,"column":35},"end":{"line":61,"column":49}}},"4":{"name":"(anonymous_4)","line":73,"loc":{"start":{"line":73,"column":20},"end":{"line":73,"column":36}}},"5":{"name":"(anonymous_5)","line":90,"loc":{"start":{"line":90,"column":20},"end":{"line":90,"column":32}}},"6":{"name":"(anonymous_6)","line":100,"loc":{"start":{"line":100,"column":24},"end":{"line":100,"column":36}}},"7":{"name":"(anonymous_7)","line":114,"loc":{"start":{"line":114,"column":20},"end":{"line":114,"column":44}}},"8":{"name":"(anonymous_8)","line":150,"loc":{"start":{"line":150,"column":28},"end":{"line":150,"column":43}}},"9":{"name":"(anonymous_9)","line":173,"loc":{"start":{"line":173,"column":16},"end":{"line":173,"column":31}}},"10":{"name":"(anonymous_10)","line":176,"loc":{"start":{"line":176,"column":32},"end":{"line":176,"column":62}}},"11":{"name":"(anonymous_11)","line":207,"loc":{"start":{"line":207,"column":19},"end":{"line":207,"column":37}}},"12":{"name":"(anonymous_12)","line":210,"loc":{"start":{"line":210,"column":19},"end":{"line":210,"column":31}}},"13":{"name":"(anonymous_13)","line":213,"loc":{"start":{"line":213,"column":20},"end":{"line":213,"column":32}}},"14":{"name":"(anonymous_14)","line":225,"loc":{"start":{"line":225,"column":20},"end":{"line":225,"column":38}}},"15":{"name":"(anonymous_15)","line":226,"loc":{"start":{"line":226,"column":31},"end":{"line":226,"column":43}}},"16":{"name":"(anonymous_16)","line":238,"loc":{"start":{"line":238,"column":18},"end":{"line":238,"column":36}}},"17":{"name":"(anonymous_17)","line":266,"loc":{"start":{"line":266,"column":19},"end":{"line":266,"column":33}}},"18":{"name":"repeatRange","line":273,"loc":{"start":{"line":273,"column":2},"end":{"line":273,"column":48}}},"19":{"name":"(anonymous_19)","line":294,"loc":{"start":{"line":294,"column":27},"end":{"line":294,"column":44}}},"20":{"name":"(anonymous_20)","line":299,"loc":{"start":{"line":299,"column":30},"end":{"line":299,"column":47}}},"21":{"name":"(anonymous_21)","line":300,"loc":{"start":{"line":300,"column":40},"end":{"line":300,"column":57}}},"22":{"name":"(anonymous_22)","line":308,"loc":{"start":{"line":308,"column":30},"end":{"line":308,"column":48}}},"23":{"name":"(anonymous_23)","line":312,"loc":{"start":{"line":312,"column":21},"end":{"line":312,"column":33}}},"24":{"name":"(anonymous_24)","line":316,"loc":{"start":{"line":316,"column":21},"end":{"line":316,"column":33}}}},"statementMap":{"1":{"start":{"line":8,"column":0},"end":{"line":8,"column":53}},"2":{"start":{"line":9,"column":0},"end":{"line":9,"column":49}},"3":{"start":{"line":10,"column":0},"end":{"line":10,"column":52}},"4":{"start":{"line":11,"column":0},"end":{"line":11,"column":53}},"5":{"start":{"line":12,"column":0},"end":{"line":12,"column":54}},"6":{"start":{"line":13,"column":0},"end":{"line":13,"column":50}},"7":{"start":{"line":14,"column":0},"end":{"line":14,"column":54}},"8":{"start":{"line":15,"column":0},"end":{"line":15,"column":53}},"9":{"start":{"line":16,"column":0},"end":{"line":16,"column":50}},"10":{"start":{"line":17,"column":0},"end":{"line":17,"column":53}},"11":{"start":{"line":18,"column":0},"end":{"line":18,"column":52}},"12":{"start":{"line":19,"column":0},"end":{"line":19,"column":54}},"13":{"start":{"line":20,"column":0},"end":{"line":20,"column":51}},"14":{"start":{"line":21,"column":0},"end":{"line":21,"column":50}},"15":{"start":{"line":22,"column":0},"end":{"line":22,"column":52}},"16":{"start":{"line":23,"column":0},"end":{"line":23,"column":58}},"17":{"start":{"line":24,"column":0},"end":{"line":24,"column":50}},"18":{"start":{"line":25,"column":0},"end":{"line":25,"column":71}},"19":{"start":{"line":28,"column":0},"end":{"line":28,"column":45}},"20":{"start":{"line":29,"column":0},"end":{"line":29,"column":67}},"21":{"start":{"line":32,"column":0},"end":{"line":32,"column":19}},"22":{"start":{"line":33,"column":0},"end":{"line":33,"column":23}},"23":{"start":{"line":35,"column":0},"end":{"line":35,"column":39}},"24":{"start":{"line":36,"column":0},"end":{"line":36,"column":39}},"25":{"start":{"line":37,"column":0},"end":{"line":37,"column":56}},"26":{"start":{"line":45,"column":0},"end":{"line":52,"column":1}},"27":{"start":{"line":46,"column":2},"end":{"line":50,"column":3}},"28":{"start":{"line":47,"column":4},"end":{"line":47,"column":18}},"29":{"start":{"line":48,"column":9},"end":{"line":50,"column":3}},"30":{"start":{"line":49,"column":4},"end":{"line":49,"column":25}},"31":{"start":{"line":51,"column":2},"end":{"line":51,"column":48}},"32":{"start":{"line":60,"column":0},"end":{"line":64,"column":1}},"33":{"start":{"line":61,"column":2},"end":{"line":63,"column":5}},"34":{"start":{"line":62,"column":4},"end":{"line":62,"column":45}},"35":{"start":{"line":73,"column":0},"end":{"line":82,"column":2}},"36":{"start":{"line":74,"column":2},"end":{"line":76,"column":3}},"37":{"start":{"line":75,"column":4},"end":{"line":75,"column":23}},"38":{"start":{"line":77,"column":2},"end":{"line":79,"column":3}},"39":{"start":{"line":78,"column":4},"end":{"line":78,"column":20}},"40":{"start":{"line":80,"column":2},"end":{"line":80,"column":24}},"41":{"start":{"line":81,"column":2},"end":{"line":81,"column":14}},"42":{"start":{"line":90,"column":0},"end":{"line":92,"column":2}},"43":{"start":{"line":91,"column":2},"end":{"line":91,"column":24}},"44":{"start":{"line":100,"column":0},"end":{"line":102,"column":2}},"45":{"start":{"line":101,"column":2},"end":{"line":101,"column":30}},"46":{"start":{"line":114,"column":0},"end":{"line":140,"column":2}},"47":{"start":{"line":115,"column":2},"end":{"line":115,"column":33}},"48":{"start":{"line":115,"column":18},"end":{"line":115,"column":31}},"49":{"start":{"line":117,"column":2},"end":{"line":117,"column":48}},"50":{"start":{"line":118,"column":2},"end":{"line":118,"column":34}},"51":{"start":{"line":119,"column":2},"end":{"line":119,"column":28}},"52":{"start":{"line":120,"column":2},"end":{"line":120,"column":47}},"53":{"start":{"line":123,"column":2},"end":{"line":127,"column":3}},"54":{"start":{"line":124,"column":4},"end":{"line":126,"column":5}},"55":{"start":{"line":125,"column":6},"end":{"line":125,"column":45}},"56":{"start":{"line":130,"column":2},"end":{"line":132,"column":3}},"57":{"start":{"line":131,"column":4},"end":{"line":131,"column":50}},"58":{"start":{"line":135,"column":2},"end":{"line":137,"column":3}},"59":{"start":{"line":136,"column":4},"end":{"line":136,"column":44}},"60":{"start":{"line":139,"column":2},"end":{"line":139,"column":16}},"61":{"start":{"line":150,"column":0},"end":{"line":162,"column":2}},"62":{"start":{"line":151,"column":2},"end":{"line":151,"column":39}},"63":{"start":{"line":153,"column":2},"end":{"line":155,"column":3}},"64":{"start":{"line":154,"column":4},"end":{"line":154,"column":38}},"65":{"start":{"line":157,"column":2},"end":{"line":159,"column":3}},"66":{"start":{"line":158,"column":4},"end":{"line":158,"column":40}},"67":{"start":{"line":161,"column":2},"end":{"line":161,"column":17}},"68":{"start":{"line":173,"column":0},"end":{"line":198,"column":2}},"69":{"start":{"line":174,"column":2},"end":{"line":174,"column":46}},"70":{"start":{"line":176,"column":2},"end":{"line":197,"column":5}},"71":{"start":{"line":177,"column":4},"end":{"line":177,"column":18}},"72":{"start":{"line":181,"column":4},"end":{"line":185,"column":5}},"73":{"start":{"line":182,"column":6},"end":{"line":182,"column":58}},"74":{"start":{"line":184,"column":6},"end":{"line":184,"column":29}},"75":{"start":{"line":188,"column":4},"end":{"line":194,"column":5}},"76":{"start":{"line":191,"column":6},"end":{"line":191,"column":71}},"77":{"start":{"line":193,"column":6},"end":{"line":193,"column":62}},"78":{"start":{"line":196,"column":4},"end":{"line":196,"column":16}},"79":{"start":{"line":207,"column":0},"end":{"line":216,"column":2}},"80":{"start":{"line":209,"column":2},"end":{"line":215,"column":7}},"81":{"start":{"line":211,"column":6},"end":{"line":211,"column":45}},"82":{"start":{"line":214,"column":6},"end":{"line":214,"column":45}},"83":{"start":{"line":225,"column":0},"end":{"line":229,"column":2}},"84":{"start":{"line":226,"column":2},"end":{"line":228,"column":5}},"85":{"start":{"line":227,"column":4},"end":{"line":227,"column":36}},"86":{"start":{"line":238,"column":0},"end":{"line":240,"column":2}},"87":{"start":{"line":239,"column":2},"end":{"line":239,"column":53}},"88":{"start":{"line":266,"column":0},"end":{"line":319,"column":2}},"89":{"start":{"line":268,"column":2},"end":{"line":270,"column":3}},"90":{"start":{"line":269,"column":4},"end":{"line":269,"column":19}},"91":{"start":{"line":273,"column":2},"end":{"line":275,"column":3}},"92":{"start":{"line":274,"column":4},"end":{"line":274,"column":80}},"93":{"start":{"line":277,"column":2},"end":{"line":318,"column":7}},"94":{"start":{"line":295,"column":6},"end":{"line":295,"column":69}},"95":{"start":{"line":300,"column":6},"end":{"line":304,"column":9}},"96":{"start":{"line":301,"column":8},"end":{"line":301,"column":33}},"97":{"start":{"line":303,"column":8},"end":{"line":303,"column":65}},"98":{"start":{"line":309,"column":6},"end":{"line":309,"column":43}},"99":{"start":{"line":313,"column":6},"end":{"line":313,"column":37}},"100":{"start":{"line":317,"column":6},"end":{"line":317,"column":37}},"101":{"start":{"line":323,"column":0},"end":{"line":323,"column":31}}},"branchMap":{"1":{"line":46,"type":"if","locations":[{"start":{"line":46,"column":2},"end":{"line":46,"column":2}},{"start":{"line":46,"column":2},"end":{"line":46,"column":2}}]},"2":{"line":46,"type":"binary-expr","locations":[{"start":{"line":46,"column":6},"end":{"line":46,"column":30}},{"start":{"line":46,"column":34},"end":{"line":46,"column":47}}]},"3":{"line":48,"type":"if","locations":[{"start":{"line":48,"column":9},"end":{"line":48,"column":9}},{"start":{"line":48,"column":9},"end":{"line":48,"column":9}}]},"4":{"line":74,"type":"if","locations":[{"start":{"line":74,"column":2},"end":{"line":74,"column":2}},{"start":{"line":74,"column":2},"end":{"line":74,"column":2}}]},"5":{"line":77,"type":"if","locations":[{"start":{"line":77,"column":2},"end":{"line":77,"column":2}},{"start":{"line":77,"column":2},"end":{"line":77,"column":2}}]},"6":{"line":115,"type":"if","locations":[{"start":{"line":115,"column":2},"end":{"line":115,"column":2}},{"start":{"line":115,"column":2},"end":{"line":115,"column":2}}]},"7":{"line":117,"type":"binary-expr","locations":[{"start":{"line":117,"column":15},"end":{"line":117,"column":29}},{"start":{"line":117,"column":33},"end":{"line":117,"column":47}}]},"8":{"line":123,"type":"if","locations":[{"start":{"line":123,"column":2},"end":{"line":123,"column":2}},{"start":{"line":123,"column":2},"end":{"line":123,"column":2}}]},"9":{"line":123,"type":"binary-expr","locations":[{"start":{"line":123,"column":6},"end":{"line":123,"column":35}},{"start":{"line":123,"column":39},"end":{"line":123,"column":54}}]},"10":{"line":124,"type":"if","locations":[{"start":{"line":124,"column":4},"end":{"line":124,"column":4}},{"start":{"line":124,"column":4},"end":{"line":124,"column":4}}]},"11":{"line":130,"type":"if","locations":[{"start":{"line":130,"column":2},"end":{"line":130,"column":2}},{"start":{"line":130,"column":2},"end":{"line":130,"column":2}}]},"12":{"line":135,"type":"if","locations":[{"start":{"line":135,"column":2},"end":{"line":135,"column":2}},{"start":{"line":135,"column":2},"end":{"line":135,"column":2}}]},"13":{"line":153,"type":"if","locations":[{"start":{"line":153,"column":2},"end":{"line":153,"column":2}},{"start":{"line":153,"column":2},"end":{"line":153,"column":2}}]},"14":{"line":157,"type":"if","locations":[{"start":{"line":157,"column":2},"end":{"line":157,"column":2}},{"start":{"line":157,"column":2},"end":{"line":157,"column":2}}]},"15":{"line":157,"type":"binary-expr","locations":[{"start":{"line":157,"column":6},"end":{"line":157,"column":26}},{"start":{"line":157,"column":30},"end":{"line":157,"column":50}}]},"16":{"line":181,"type":"if","locations":[{"start":{"line":181,"column":4},"end":{"line":181,"column":4}},{"start":{"line":181,"column":4},"end":{"line":181,"column":4}}]},"17":{"line":188,"type":"if","locations":[{"start":{"line":188,"column":4},"end":{"line":188,"column":4}},{"start":{"line":188,"column":4},"end":{"line":188,"column":4}}]},"18":{"line":188,"type":"binary-expr","locations":[{"start":{"line":188,"column":8},"end":{"line":188,"column":20}},{"start":{"line":189,"column":8},"end":{"line":189,"column":67}}]},"19":{"line":268,"type":"if","locations":[{"start":{"line":268,"column":2},"end":{"line":268,"column":2}},{"start":{"line":268,"column":2},"end":{"line":268,"column":2}}]}},"code":["'use strict';","","/**"," * class Charlatan"," *"," **/","","exports.Address     = require('./charlatan/address');","exports.App         = require('./charlatan/app');","exports.Avatar      = require('./charlatan/avatar');","exports.Bitcoin     = require('./charlatan/bitcoin');","exports.Business    = require('./charlatan/business');","exports.Code        = require('./charlatan/code');","exports.Commerce    = require('./charlatan/commerce');","exports.Company     = require('./charlatan/company');","exports.Date        = require('./charlatan/date');","exports.Finance     = require('./charlatan/finance');","exports.Hacker      = require('./charlatan/hacker');","exports.Internet    = require('./charlatan/internet');","exports.Lorem       = require('./charlatan/lorem');","exports.Name        = require('./charlatan/name');","exports.Number      = require('./charlatan/number');","exports.PhoneNumber = require('./charlatan/phone_number');","exports.Team        = require('./charlatan/team');","var Helpers         = exports.Helpers = require('./charlatan/helpers');","","// already loaded locales {<<locale_name>>: <<locale_data>>}","var locales   = require('./locales').locales;","var addLocale = exports.addLocale = require('./locales').addLocale;","","","var current_locale;","var base_locale = 'en';","","var Numbers  = Helpers.range('0', '9');","var ULetters = Helpers.range('A', 'Z');","var Letters  = ULetters.concat(Helpers.range('a', 'z'));","","","// getValue(data, path) -> mixed","// - data (object): locale","// - path (array): path to property","//","// get value from locale hash","function getValue(data, path) {","  if (typeof data !== 'object' || data === null) {","    return void 0;","  } else if (path.length === 1) {","    return data[path[0]];","  }","  return getValue(data[path[0]], path.slice(1));","}","","","// snake2camelcase(str) -> string","// - str (string): source string","//","// locale files use snake notation `xxx_yyy_zzz`","// but real methods use camelcase `xxxYyyZzz`","function snake2camelcase(str) {","  return str.replace(/(\\_[a-z])/g, function ($1) {","    return $1.toUpperCase().replace('_', '');","  });","}","","","/**"," * Charlatan.setLocale([name]) -> void"," * - name (String): locale name, for example `en-US`"," *"," * Set current locale. If name is not defined, revert back to default locale."," **/","exports.setLocale = function (name) {","  if (!name) {","    name = base_locale;","  }","  if (!locales[name]) {","    addLocale(name);","  }","  current_locale = name;","  return true;","};","","","/**"," * Charlatan.getLocale() -> String"," *"," * Get current locale"," **/","exports.getLocale = function () {","  return current_locale;","};","","","/**"," * Charlatan.getAllLocales() -> [String]"," *"," * Get the list of all available locales"," **/","exports.getAllLocales = function () {","  return Object.keys(locales);","};","","","/**"," * Charlatan.translate(key) -> mixed"," * - key (string): key in locale, for example `address.city_prefix`"," *"," * Returns a phrase from the locale."," *"," * Fallbacks to base language (and then to `en`)"," *   if it was not found: `ru-RU -> ru -> en`"," **/","exports.translate = function (key, options) {","  if (!options) { options = {}; }","","  var locale = options.locale || current_locale;","  var lang = locale.split('-')[0];","  var path = key.split('.');","  var result = getValue(locales[locale], path);","","  // fallback to root lang (`pt-BR` -> `pt`, but it can be missed)","  if (typeof result === 'undefined' && lang !== locale) {","    if (locales[lang]) {","      result = getValue(locales[lang], path);","    }","  }","","  // fallback to base lang (en)","  if (typeof result === 'undefined') {","    result = getValue(locales[base_locale], path);","  }","","  // oops","  if (typeof result === 'undefined') {","    throw new Error('Invalid path: ' + key);","  }","","  return result;","};","","","/**"," * Charlatan.fetch(key) -> mixed"," * - key (string): key in locale, for example `address.city_prefix`"," *"," * Helper for the common approach of grabbing a translation"," * with an array of values and selecting one of them."," **/","var fetch = exports.fetch = function (key) {","  var fetched = exports.translate(key);","","  if (Array.isArray(fetched)) {","    fetched = Helpers.sample(fetched);","  }","","  if (fetched.match(/^\\//) && fetched.match(/\\/$/)) {","    fetched = exports.regexify(fetched);","  }","","  return fetched;","};","","","/**"," * Charlatan.parse(key) -> string"," * - key (string): key in locale, for example `address.city_prefix`"," *"," * Load formatted strings from the locale, \"parsing\" them"," * into method calls that can be used to generate a"," * formatted translation: e.g., \"#{first_name} #{last_name}\"."," **/","exports.parse = function (key) {","  var re = /#\\{([A-Za-z]+(?:\\.))?([^\\}]+)\\}/g;","","  return fetch(key).replace(re, function (match, kls, method) {","    var text = '';","","    // If the token had a class Prefix (e.g., Name.first_name)","    // take it, otherwise use base namespace part","    if (!kls) {","      kls = exports.Helpers.capitalize(key.split('.')[0]);","    } else {","      kls = kls.slice(0, -1);","    }","    // If the class has the method, call it, otherwise","    // fetch the translation","    if (exports[kls] &&","        typeof exports[kls][snake2camelcase(method)] === 'function') {","","      text += exports[kls][snake2camelcase(method)].call(exports[kls]);","    } else {","      text += exports.fetch(kls.toLowerCase() + '.' + method);","    }","","    return text;","  });","};","","","/**"," * Charlatan.numerify(source) -> string"," * - source (string): source string"," *"," * Find `#` symbol and replace it with random number"," **/","exports.numerify = function (source) {","  // make sure numerify results don’t start with a zero","  return source","    .replace(/\\#/, function () {","      return Math.floor(Helpers.rand(10, 1));","    })","    .replace(/\\#/g, function () {","      return Math.floor(Helpers.rand(10, 0));","    });","};","","","/**"," * Charlatan.letterify(source) -> string"," * - source (string): source string"," *"," * Find `?` symbol and replace it with random char from [A..Z]"," **/","exports.letterify = function (source) {","  return source.replace(/\\?/g, function () {","    return Helpers.sample(ULetters);","  });","};","","","/**"," * Charlatan.bothify(source) -> string"," * - source (string): source string"," *"," * Perform both `letterify` and `numerify` operations."," **/","exports.bothify = function (source) {","  return exports.letterify(exports.numerify(source));","};","","","/**"," * Charlatan.regexify(re) -> String"," * - re(RegExp | String): regexp to sample from"," *"," * Given a regular expression, attempt to generate a string"," * that would match it.  This is a rather simple implementation,"," * so don't be shocked if it blows up on you in a spectacular fashion."," *"," * It does not handle ., *, unbounded ranges such as {1,},"," * extensions such as (?=), character classes, some abbreviations"," * for character classes, and nested parentheses."," *"," * I told you it was simple. :) It's also probably dog-slow,"," * so you shouldn't use it."," *"," * It will take a regex like this:"," *"," * /^[A-PR-UWYZ0-9][A-HK-Y0-9][AEHMNPRTVXY0-9]?[ABEHMNPRVWXY0-9]? {1,2}[0-9][ABD-HJLN-UW-Z]{2}$/"," *"," * and generate a string like this:"," *"," * \"U3V  3TP\""," **/","exports.regexify = function (re) {","  // Handle either a Regexp or a String that looks like a Regexp","  if (Object.prototype.toString.call(re) === '[object RegExp]') {","    re = re.source;","  }","","  // \"baz\", 2, 3 -> \"bazbaz\" or \"bazbazbaz\"","  function repeatRange(_unused, what, from, to) {","    return new Array(Helpers.rand(Number(to) + 1, Number(from)) + 1).join(what);","  }","","  return re","    // Ditch the anchors","    .replace(/^\\/?\\^?/, '').replace(/\\$?\\/?$/, '')","","    // All {2} become {2,2} and ? become {0,1}","    .replace(/\\{(\\d+)\\}/g, '{$1,$1}').replace(/\\?/g, '{0,1}')","","    // [12]{1,2} becomes [12] or [12][12]","    .replace(/(\\[[^\\]]+\\])\\{(\\d+),(\\d+)\\}/g, repeatRange)","","    // (12|34){1,2} becomes (12|34) or (12|34)(12|34)","    .replace(/(\\([^\\)]+\\))\\{(\\d+),(\\d+)\\}/g, repeatRange)","","    // A{1,2} becomes A or AA or \\d{3} becomes \\d\\d\\d","    .replace(/(\\\\?.)\\{(\\d+),(\\d+)\\}/g, repeatRange)","","    // (this|that) becomes 'this' or 'that'","    .replace(/\\((.*?)\\)/g, function (match) {","      return Helpers.sample(match.replace(/[\\(\\)]/g, '').split('|'));","    })","","    // All A-Z inside of [] become C (or X, or whatever)","    .replace(/\\[([^\\]]+)\\]/g, function (match) {","      return match.replace(/(\\w\\-\\w)/g, function (range) {","        range = range.split('-');","","        return Helpers.sample(Helpers.range(range[0], range[1]));","      });","    })","","    // All [ABC] become B (or A or C)","    .replace(/\\[([^\\]]+)\\]/g, function (m, str) {","      return Helpers.sample(str.split(''));","    })","","    .replace(/\\\\d/g, function () {","      return Helpers.sample(Numbers);","    })","","    .replace(/\\\\w/g, function () {","      return Helpers.sample(Letters);","    });","};","","","// Init Charlatan","exports.setLocale(base_locale);",""],"l":{"8":1,"9":1,"10":1,"11":1,"12":1,"13":1,"14":1,"15":1,"16":1,"17":1,"18":1,"19":1,"20":1,"21":1,"22":1,"23":1,"24":1,"25":1,"28":1,"29":1,"32":1,"33":1,"35":1,"36":1,"37":1,"45":1,"46":0,"47":0,"48":0,"49":0,"51":0,"60":1,"61":0,"62":0,"73":1,"74":1,"75":0,"77":1,"78":1,"80":1,"81":1,"90":1,"91":0,"100":1,"101":0,"114":1,"115":0,"117":0,"118":0,"119":0,"120":0,"123":0,"124":0,"125":0,"130":0,"131":0,"135":0,"136":0,"139":0,"150":1,"151":0,"153":0,"154":0,"157":0,"158":0,"161":0,"173":1,"174":0,"176":0,"177":0,"181":0,"182":0,"184":0,"188":0,"191":0,"193":0,"196":0,"207":1,"209":0,"211":0,"214":0,"225":1,"226":0,"227":0,"238":1,"239":0,"266":1,"268":0,"269":0,"273":1,"274":0,"277":0,"295":0,"300":0,"301":0,"303":0,"309":0,"313":0,"317":0,"323":1}},"/home/travis/build/npmtest/node-npmtest-charlatan/node_modules/charlatan/lib/charlatan/address.js":{"path":"/home/travis/build/npmtest/node-npmtest-charlatan/node_modules/charlatan/lib/charlatan/address.js","s":{"1":1,"2":1,"3":0,"4":0,"5":0,"6":1,"7":0,"8":1,"9":0,"10":1,"11":0,"12":1,"13":0,"14":1,"15":0,"16":1,"17":0,"18":1,"19":0,"20":1,"21":0,"22":1,"23":0,"24":1,"25":0,"26":1,"27":0,"28":1,"29":0,"30":1,"31":0,"32":1,"33":0,"34":1,"35":0},"b":{"1":[0,0],"2":[0,0]},"f":{"1":0,"2":0,"3":0,"4":0,"5":0,"6":0,"7":0,"8":0,"9":0,"10":0,"11":0,"12":0,"13":0,"14":0,"15":0,"16":0},"fnMap":{"1":{"name":"(anonymous_1)","line":23,"loc":{"start":{"line":23,"column":51},"end":{"line":23,"column":73}}},"2":{"name":"(anonymous_2)","line":37,"loc":{"start":{"line":37,"column":15},"end":{"line":37,"column":27}}},"3":{"name":"(anonymous_3)","line":47,"loc":{"start":{"line":47,"column":21},"end":{"line":47,"column":33}}},"4":{"name":"(anonymous_4)","line":58,"loc":{"start":{"line":58,"column":24},"end":{"line":58,"column":53}}},"5":{"name":"(anonymous_5)","line":69,"loc":{"start":{"line":69,"column":27},"end":{"line":69,"column":39}}},"6":{"name":"(anonymous_6)","line":79,"loc":{"start":{"line":79,"column":25},"end":{"line":79,"column":37}}},"7":{"name":"(anonymous_7)","line":89,"loc":{"start":{"line":89,"column":19},"end":{"line":89,"column":31}}},"8":{"name":"(anonymous_8)","line":99,"loc":{"start":{"line":99,"column":23},"end":{"line":99,"column":35}}},"9":{"name":"(anonymous_9)","line":109,"loc":{"start":{"line":109,"column":21},"end":{"line":109,"column":33}}},"10":{"name":"(anonymous_10)","line":119,"loc":{"start":{"line":119,"column":21},"end":{"line":119,"column":33}}},"11":{"name":"(anonymous_11)","line":129,"loc":{"start":{"line":129,"column":20},"end":{"line":129,"column":32}}},"12":{"name":"(anonymous_12)","line":139,"loc":{"start":{"line":139,"column":16},"end":{"line":139,"column":28}}},"13":{"name":"(anonymous_13)","line":150,"loc":{"start":{"line":150,"column":18},"end":{"line":150,"column":30}}},"14":{"name":"(anonymous_14)","line":160,"loc":{"start":{"line":160,"column":22},"end":{"line":160,"column":34}}},"15":{"name":"(anonymous_15)","line":170,"loc":{"start":{"line":170,"column":19},"end":{"line":170,"column":31}}},"16":{"name":"(anonymous_16)","line":180,"loc":{"start":{"line":180,"column":20},"end":{"line":180,"column":32}}}},"statementMap":{"1":{"start":{"line":8,"column":0},"end":{"line":8,"column":40}},"2":{"start":{"line":23,"column":0},"end":{"line":29,"column":2}},"3":{"start":{"line":24,"column":2},"end":{"line":26,"column":3}},"4":{"start":{"line":25,"column":4},"end":{"line":25,"column":66}},"5":{"start":{"line":28,"column":2},"end":{"line":28,"column":87}},"6":{"start":{"line":37,"column":0},"end":{"line":39,"column":2}},"7":{"start":{"line":38,"column":2},"end":{"line":38,"column":41}},"8":{"start":{"line":47,"column":0},"end":{"line":49,"column":2}},"9":{"start":{"line":48,"column":2},"end":{"line":48,"column":48}},"10":{"start":{"line":58,"column":0},"end":{"line":61,"column":2}},"11":{"start":{"line":59,"column":2},"end":{"line":60,"column":77}},"12":{"start":{"line":69,"column":0},"end":{"line":71,"column":2}},"13":{"start":{"line":70,"column":2},"end":{"line":70,"column":74}},"14":{"start":{"line":79,"column":0},"end":{"line":81,"column":2}},"15":{"start":{"line":80,"column":2},"end":{"line":80,"column":71}},"16":{"start":{"line":89,"column":0},"end":{"line":91,"column":2}},"17":{"start":{"line":90,"column":2},"end":{"line":90,"column":46}},"18":{"start":{"line":99,"column":0},"end":{"line":101,"column":2}},"19":{"start":{"line":100,"column":2},"end":{"line":100,"column":50}},"20":{"start":{"line":109,"column":0},"end":{"line":111,"column":2}},"21":{"start":{"line":110,"column":2},"end":{"line":110,"column":48}},"22":{"start":{"line":119,"column":0},"end":{"line":121,"column":2}},"23":{"start":{"line":120,"column":2},"end":{"line":120,"column":48}},"24":{"start":{"line":129,"column":0},"end":{"line":131,"column":2}},"25":{"start":{"line":130,"column":2},"end":{"line":130,"column":47}},"26":{"start":{"line":139,"column":0},"end":{"line":141,"column":2}},"27":{"start":{"line":140,"column":2},"end":{"line":140,"column":42}},"28":{"start":{"line":150,"column":0},"end":{"line":152,"column":2}},"29":{"start":{"line":151,"column":2},"end":{"line":151,"column":44}},"30":{"start":{"line":160,"column":0},"end":{"line":162,"column":2}},"31":{"start":{"line":161,"column":2},"end":{"line":161,"column":49}},"32":{"start":{"line":170,"column":0},"end":{"line":172,"column":2}},"33":{"start":{"line":171,"column":2},"end":{"line":171,"column":49}},"34":{"start":{"line":180,"column":0},"end":{"line":182,"column":2}},"35":{"start":{"line":181,"column":2},"end":{"line":181,"column":50}}},"branchMap":{"1":{"line":24,"type":"if","locations":[{"start":{"line":24,"column":2},"end":{"line":24,"column":2}},{"start":{"line":24,"column":2},"end":{"line":24,"column":2}}]},"2":{"line":60,"type":"cond-expr","locations":[{"start":{"line":60,"column":37},"end":{"line":60,"column":69}},{"start":{"line":60,"column":72},"end":{"line":60,"column":74}}]}},"code":["'use strict';","","/**"," * class Charlatan.Address"," **/","","","
[...]
32":{"start":{"line":119,"column":4},"end":{"line":119,"column":17}},"33":{"start":{"line":122,"column":2},"end":{"line":124,"column":3}},"34":{"start":{"line":123,"column":4},"end":{"line":123,"column":12}},"35":{"start":{"line":126,"column":2},"end":{"line":126,"column":46}}},"branchMap":{"1":{"line":35,"type":"if","locations":[{"start":{"line":35,"column":2},"end":{"line":35,"column":2}},{"start":{"line":35,"column":2},"end":{"line":35,"column":2}}]},"2":{"line":78,"type":"if","locations":[{"start":{"line":78,"column":2},"end":{"line":78,"column":2}},{"start":{"line":78,"column":2},"end":{"line":78,"column":2}}]},"3":{"line":82,"type":"if","locations":[{"start":{"line":82,"column":2},"end":{"line":82,"column":2}},{"start":{"line":82,"column":2},"end":{"line":82,"column":2}}]},"4":{"line":98,"type":"if","locations":[{"start":{"line":98,"column":2},"end":{"line":98,"column":2}},{"start":{"line":98,"column":2},"end":{"line":98,"column":2}}]},"5":{"line":102,"type":"if","locations":[{"start":{"line":102,"column":2},"end":{"line":102,"column":2}},{"start":{"line":102,"column":2},"end":{"line":102,"column":2}}]},"6":{"line":118,"type":"if","locations":[{"start":{"line":118,"column":2},"end":{"line":118,"column":2}},{"start":{"line":118,"column":2},"end":{"line":118,"column":2}}]},"7":{"line":122,"type":"if","locations":[{"start":{"line":122,"column":2},"end":{"line":122,"column":2}},{"start":{"line":122,"column":2},"end":{"line":122,"column":2}}]}},"code":["'use strict';","","/**"," * class Charlatan.Number"," **/","","var Helpers = require('./helpers');","","","/**"," * Charlatan.Number.number(digits) -> String"," *  - digits(Number): an amount of digits in there"," *"," * Generate a base 10 number"," **/","exports.number = function (digits) {","  var result = '';","","  for (var i = 0; i < digits; i++) {","    result += Helpers.rand(10, 0).toString(10);","  }","","  return result;","};","","","/**"," * Charlatan.Number.decimal(l_digits, r_digits=2) -> String"," *  - l_digits(Number): an amount of digits in the integer part"," *  - r_digits(Number): an amount of digits in the fractional part"," *"," * Generate a decimal number"," **/","exports.decimal = function (l_digits, r_digits) {","  if (typeof r_digits !== 'number') {","    r_digits = 2;","  }","","  return exports.number(l_digits) + '.' + exports.number(r_digits);","};","","","/**"," * Charlatan.Number.digit() -> String"," *"," * Generate a base 10 digit"," **/","exports.digit = function () {","  return String(Helpers.rand(10, 0));","};","","","/**"," * Charlatan.Number.hexadecimal(digits) -> String"," *  - digits(Number): an amount of digits in there"," *"," * Generate a base 16 number"," **/","exports.hexadecimal = function (digits) {","  var result = '';","","  for (var i = 0; i < digits; i++) {","    result += Helpers.rand(16, 0).toString(16);","  }","","  return result;","};","","","/**"," * Charlatan.Number.between(from=1, to=5000) -> Number"," *  - from(Number): range start"," *  - to(Number): range end"," *"," * Generate a number between `from` and `to`"," **/","exports.between = function (from, to) {","  if (typeof from !== 'number') {","    from = 1;","  }","","  if (typeof to !== 'number') {","    to = 5000;","  }","","  return Helpers.rand(Math.max(from, to) + 1, Math.min(from, to));","};","","","/**"," * Charlatan.Number.positive(from=1, to=5000) -> Number"," *  - from(Number): range start"," *  - to(Number): range end"," *"," * Generate a positive number between `from` and `to`"," **/","exports.positive = function (from, to) {","  if (typeof from !== 'number') {","    from = 1;","  }","","  if (typeof to !== 'number') {","    to = 5000;","  }","","  return Math.abs(exports.between(from, to));","};","","","/**"," * Charlatan.Number.negative(from=-5000, to=-1) -> Number"," *  - from(Number): range start"," *  - to(Number): range end"," *"," * Generate a negative number between `from` and `to`"," **/","exports.negative = function (from, to) {","  if (typeof from !== 'number') {","    from = -5000;","  }","","  if (typeof to !== 'number') {","    to = -1;","  }","","  return -Math.abs(exports.between(from, to));","};",""],"l":{"7":1,"16":1,"17":0,"19":0,"20":0,"23":0,"34":1,"35":0,"36":0,"39":0,"48":1,"49":0,"59":1,"60":0,"62":0,"63":0,"66":0,"77":1,"78":0,"79":0,"82":0,"83":0,"86":0,"97":1,"98":0,"99":0,"102":0,"103":0,"106":0,"117":1,"118":0,"119":0,"122":0,"123":0,"126":0}},"/home/travis/build/npmtest/node-npmtest-charlatan/node_modules/charlatan/lib/charlatan/phone_number.js":{"path":"/home/travis/build/npmtest/node-npmtest-charlatan/node_modules/charlatan/lib/charlatan/phone_number.js","s":{"1":1,"2":1,"3":0,"4":1,"5":0,"6":1,"7":0,"8":1,"9":0,"10":1,"11":0,"12":0,"13":0,"14":1},"b":{"1":[0,0]},"f":{"1":0,"2":0,"3":0,"4":0,"5":0},"fnMap":{"1":{"name":"(anonymous_1)","line":16,"loc":{"start":{"line":16,"column":22},"end":{"line":16,"column":34}}},"2":{"name":"(anonymous_2)","line":26,"loc":{"start":{"line":26,"column":20},"end":{"line":26,"column":32}}},"3":{"name":"(anonymous_3)","line":36,"loc":{"start":{"line":36,"column":19},"end":{"line":36,"column":31}}},"4":{"name":"(anonymous_4)","line":46,"loc":{"start":{"line":46,"column":23},"end":{"line":46,"column":35}}},"5":{"name":"(anonymous_5)","line":60,"loc":{"start":{"line":60,"column":27},"end":{"line":60,"column":45}}}},"statementMap":{"1":{"start":{"line":8,"column":0},"end":{"line":8,"column":40}},"2":{"start":{"line":16,"column":0},"end":{"line":18,"column":2}},"3":{"start":{"line":17,"column":2},"end":{"line":17,"column":69}},"4":{"start":{"line":26,"column":0},"end":{"line":28,"column":2}},"5":{"start":{"line":27,"column":2},"end":{"line":27,"column":67}},"6":{"start":{"line":36,"column":0},"end":{"line":38,"column":2}},"7":{"start":{"line":37,"column":2},"end":{"line":37,"column":51}},"8":{"start":{"line":46,"column":0},"end":{"line":48,"column":2}},"9":{"start":{"line":47,"column":2},"end":{"line":47,"column":55}},"10":{"start":{"line":60,"column":0},"end":{"line":66,"column":2}},"11":{"start":{"line":61,"column":2},"end":{"line":63,"column":3}},"12":{"start":{"line":62,"column":4},"end":{"line":62,"column":15}},"13":{"start":{"line":65,"column":2},"end":{"line":65,"column":48}},"14":{"start":{"line":72,"column":0},"end":{"line":72,"column":45}}},"branchMap":{"1":{"line":61,"type":"if","locations":[{"start":{"line":61,"column":2},"end":{"line":61,"column":2}},{"start":{"line":61,"column":2},"end":{"line":61,"column":2}}]}},"code":["'use strict';","","/**"," * class Charlatan.PhoneNumber"," **/","","","var Charlatan = require('../charlatan');","","","/**"," * Charlatan.PhoneNumber.phoneNumber() -> String"," *"," * Generate phone number."," **/","exports.phoneNumber = function () {","  return Charlatan.numerify(Charlatan.parse('phone_number.formats'));","};","","","/**"," * Charlatan.PhoneNumber.cellPhone() -> String"," *"," * Generate cell phone number."," **/","exports.cellPhone = function () {","  return Charlatan.numerify(Charlatan.parse('cell_phone.formats'));","};","","","/**"," * Charlatan.PhoneNumber.areaCode() -> String"," *"," * Generate an area code (US only)."," **/","exports.areaCode = function () {","  return Charlatan.fetch('phone_number.area_code');","};","","","/**"," * Charlatan.PhoneNumber.exchangeCode() -> String"," *"," * Return an exchange code (US only)."," **/","exports.exchangeCode = function () {","  return Charlatan.fetch('phone_number.exchange_code');","};","","","/**"," * Charlatan.PhoneNumber.subscriberNumber(length=4) -> String"," *  - length(Integer): extension length"," *"," * Return a number extension (US only)."," *"," * Can be used for both extensions and last four digits of phone number."," * Since extensions can be of variable length, this method takes a length parameter"," **/","exports.subscriberNumber = function (length) {","  if (typeof length !== 'number') {","    length = 4;","  }","","  return Math.random().toFixed(length).slice(2);","};","","","/** alias of: Charlatan.PhoneNumber.subscriberNumber"," * Charlatan.PhoneNumber.extension() -> String"," **/","exports.extension = exports.subscriberNumber;",""],"l":{"8":1,"16":1,"17":0,"26":1,"27":0,"36":1,"37":0,"46":1,"47":0,"60":1,"61":0,"62":0,"65":0,"72":1}},"/home/travis/build/npmtest/node-npmtest-charlatan/node_modules/charlatan/lib/charlatan/team.js":{"path":"/home/travis/build/npmtest/node-npmtest-charlatan/node_modules/charlatan/lib/charlatan/team.js","s":{"1":1,"2":1,"3":1,"4":0,"5":1,"6":0,"7":1,"8":0},"b":{},"f":{"1":0,"2":0,"3":0},"fnMap":{"1":{"name":"(anonymous_1)","line":16,"loc":{"start":{"line":16,"column":15},"end":{"line":16,"column":27}}},"2":{"name":"(anonymous_2)","line":26,"loc":{"start":{"line":26,"column":19},"end":{"line":26,"column":31}}},"3":{"name":"(anonymous_3)","line":36,"loc":{"start":{"line":36,"column":16},"end":{"line":36,"column":28}}}},"statementMap":{"1":{"start":{"line":7,"column":0},"end":{"line":7,"column":40}},"2":{"start":{"line":8,"column":0},"end":{"line":8,"column":35}},"3":{"start":{"line":16,"column":0},"end":{"line":18,"column":2}},"4":{"start":{"line":17,"column":2},"end":{"line":17,"column":38}},"5":{"start":{"line":26,"column":0},"end":{"line":28,"column":2}},"6":{"start":{"line":27,"column":2},"end":{"line":27,"column":42}},"7":{"start":{"line":36,"column":0},"end":{"line":38,"column":2}},"8":{"start":{"line":37,"column":2},"end":{"line":37,"column":66}}},"branchMap":{},"code":["'use strict';","","/**"," * class Charlatan.Team"," **/","","var Charlatan = require('../charlatan');","var Helpers = require('./helpers');","","","/**"," * Charlatan.Team.name() -> String"," *"," * Generate team name."," **/","exports.name = function () {","  return Charlatan.fetch('team.name');","};","","","/**"," * Charlatan.Team.creature() -> String"," *"," * Generate team mascot."," **/","exports.creature = function () {","  return Charlatan.fetch('team.creature');","};","","","/**"," * Charlatan.Team.state() -> String"," *"," * Generate team state."," **/","exports.state = function () {","  return Helpers.titleize(Charlatan.fetch('faker.address.state'));","};",""],"l":{"7":1,"8":1,"16":1,"17":0,"26":1,"27":0,"36":1,"37":0}},"/home/travis/build/npmtest/node-npmtest-charlatan/node_modules/charlatan/lib/locales.js":{"path":"/home/travis/build/npmtest/node-npmtest-charlatan/node_modules/charlatan/lib/locales.js","s":{"1":1,"2":1,"3":1,"4":1,"5":1,"6":1,"7":1,"8":1,"9":0,"10":1,"11":1,"12":1,"13":0,"14":1,"15":1,"16":0,"17":1,"18":1,"19":1,"20":1,"21":14,"22":1,"23":1,"24":1,"25":1,"26":1,"27":28,"28":28},"b":{"1":[1,0],"2":[0,1],"3":[0,1],"4":[1,0],"5":[1,0],"6":[0,1],"7":[1,0],"8":[28,0]},"f":{"1":1,"2":14,"3":28},"fnMap":{"1":{"name":"addLocale","line":23,"loc":{"start":{"line":23,"column":0},"end":{"line":23,"column":31}}},"2":{"name":"(anonymous_2)","line":54,"loc":{"start":{"line":54,"column":36},"end":{"line":54,"column":49}}},"3":{"name":"(anonymous_3)","line":69,"loc":{"start":{"line":69,"column":36},"end":{"line":69,"column":52}}}},"statementMap":{"1":{"start":{"line":5,"column":0},"end":{"line":5,"column":30}},"2":{"start":{"line":6,"column":0},"end":{"line":6,"column":25}},"3":{"start":{"line":7,"column":0},"end":{"line":7,"column":27}},"4":{"start":{"line":10,"column":0},"end":{"line":10,"column":27}},"5":{"start":{"line":13,"column":0},"end":{"line":13,"column":17}},"6":{"start":{"line":23,"column":0},"end":{"line":60,"column":1}},"7":{"start":{"line":25,"column":2},"end":{"line":38,"column":3}},"8":{"start":{"line":26,"column":4},"end":{"line":28,"column":5}},"9":{"start":{"line":27,"column":6},"end":{"line":27,"column":50}},"10":{"start":{"line":30,"column":4},"end":{"line":30,"column":35}},"11":{"start":{"line":33,"column":4},"end":{"line":33,"column":34}},"12":{"start":{"line":35,"column":4},"end":{"line":37,"column":5}},"13":{"start":{"line":36,"column":6},"end":{"line":36,"column":22}},"14":{"start":{"line":41,"column":2},"end":{"line":47,"column":3}},"15":{"start":{"line":42,"column":4},"end":{"line":44,"column":5}},"16":{"start":{"line":43,"column":6},"end":{"line":43,"column":55}},"17":{"start":{"line":45,"column":4},"end":{"line":45,"column":62}},"18":{"start":{"line":48,"column":2},"end":{"line":48,"column":23}},"19":{"start":{"line":53,"column":2},"end":{"line":57,"column":3}},"20":{"start":{"line":54,"column":4},"end":{"line":56,"column":7}},"21":{"start":{"line":55,"column":6},"end":{"line":55,"column":39}},"22":{"start":{"line":59,"column":2},"end":{"line":59,"column":14}},"23":{"start":{"line":62,"column":0},"end":{"line":62,"column":26}},"24":{"start":{"line":63,"column":0},"end":{"line":63,"column":30}},"25":{"start":{"line":67,"column":0},"end":{"line":67,"column":53}},"26":{"start":{"line":69,"column":0},"end":{"line":73,"column":3}},"27":{"start":{"line":70,"column":2},"end":{"line":72,"column":3}},"28":{"start":{"line":71,"column":4},"end":{"line":71,"column":79}}},"branchMap":{"1":{"line":25,"type":"if","locations":[{"start":{"line":25,"column":2},"end":{"line":25,"column":2}},{"start":{"line":25,"column":2},"end":{"line":25,"column":2}}]},"2":{"line":26,"type":"if","locations":[{"start":{"line":26,"column":4},"end":{"line":26,"column":4}},{"start":{"line":26,"column":4},"end":{"line":26,"column":4}}]},"3":{"line":35,"type":"if","locations":[{"start":{"line":35,"column":4},"end":{"line":35,"column":4}},{"start":{"line":35,"column":4},"end":{"line":35,"column":4}}]},"4":{"line":35,"type":"binary-expr","locations":[{"start":{"line":35,"column":8},"end":{"line":35,"column":21}},{"start":{"line":35,"column":25},"end":{"line":35,"column":48}}]},"5":{"line":41,"type":"if","locations":[{"start":{"line":41,"column":2},"end":{"line":41,"column":2}},{"start":{"line":41,"column":2},"end":{"line":41,"column":2}}]},"6":{"line":42,"type":"if","locations":[{"start":{"line":42,"column":4},"end":{"line":42,"column":4}},{"start":{"line":42,"column":4},"end":{"line":42,"column":4}}]},"7":{"line":53,"type":"if","locations":[{"start":{"line":53,"column":2},"end":{"line":53,"column":2}},{"start":{"line":53,"column":2},"end":{"line":53,"column":2}}]},"8":{"line":70,"type":"if","locations":[{"start":{"line":70,"column":2},"end":{"line":70,"column":2}},{"start":{"line":70,"column":2},"end":{"line":70,"column":2}}]}},"code":["// Exposts { locales, addLocale } to replace implementation","// for browsers","'use strict';","","var yaml = require('js-yaml');","var fs   = require('fs');","var path = require('path');","","// locale files {<<locale_name>>: <<path_locale_file>>}","var available_locales = {};","","// already loaded locales {<<locale_name>>: <<locale_data>>}","var locales = {};","","/**"," * Charlatan.addLocale(name, data) -> void"," * - name (string): locale name, for example `en-US`"," * - data (object|string): locale hash or yaml file"," *"," * Load locale to Charlatan. Charlatan preload some"," * [locales](https://github.com/nodeca/charlatan/tree/master/lib)"," **/","function addLocale(name, data) {","  // if data not set, then check available","  if (typeof data === 'undefined') {","    if (!available_locales[name]) {","      throw new Error('Locale not found:' + name);","    }","","    data = available_locales[name];","","    // load base language, if exists","    var lang = name.split('-')[0];","","    if (name !== lang && available_locales[lang]) {","      addLocale(lang);","    }","  }","","  // data in file","  if (typeof data === 'string') {","    if (!fs.existsSync(data)) {","      throw new Error('Config ' + data + ' not found');","    }","    data = yaml.safeLoad(fs.readFileSync(data, 'utf8'))[name];","","  }","  locales[name] = data;","","  // compatibility layer for ruby Faker: we DON'T use intermediate","  // level `faker`, but wish to have universal localizations.","  // So, if `faker` section exists then its children moved 1 level up.","  if (data.faker) {","    Object.keys(data.faker).forEach(function (k) {","      locales[name][k] = data.faker[k];","    });","  }","","  return true;","}","","exports.locales = locales;","exports.addLocale = addLocale;","","","// fetch locales and init base locale","var locales_dir = path.resolve(__dirname, 'locales');","","fs.readdirSync(locales_dir).forEach(function (file) {","  if (/\\.yml/.test(file)) {","    available_locales[file.replace('.yml', '')] = path.join(locales_dir, file);","  }","});",""],"l":{"5":1,"6":1,"7":1,"10":1,"13":1,"23":1,"25":1,"26":1,"27":0,"30":1,"33":1,"35":1,"36":0,"41":1,"42":1,"43":0,"45":1,"48":1,"53":1,"54":1,"55":14,"59":1,"62":1,"63":1,"67":1,"69":1,"70":28,"71":28}},"/home/travis/build/npmtest/node-npmtest-charlatan/node_modules/charlatan/lib/locales_browser.js":{"path":"/home/travis/build/npmtest/node-npmtest-charlatan/node_modules/charlatan/lib/locales_browser.js","s":{"1":1,"2":1,"3":0,"4":0,"5":0,"6":0,"7":0,"8":0,"9":0,"10":0,"11":0,"12":0,"13":0,"14":1,"15":1},"b":{"1":[0,0],"2":[0,0],"3":[0,0],"4":[0,0]},"f":{"1":0,"2":0},"fnMap":{"1":{"name":"addLocale","line":7,"loc":{"start":{"line":7,"column":0},"end":{"line":7,"column":31}}},"2":{"name":"(anonymous_2)","line":29,"loc":{"start":{"line":29,"column":36},"end":{"line":29,"column":49}}}},"statementMap":{"1":{"start":{"line":5,"column":0},"end":{"line":5,"column":53}},"2":{"start":{"line":7,"column":0},"end":{"line":35,"column":1}},"3":{"start":{"line":9,"column":2},"end":{"line":16,"column":3}},"4":{"start":{"line":10,"column":4},"end":{"line":12,"column":5}},"5":{"start":{"line":11,"column":6},"end":{"line":11,"column":50}},"6":{"start":{"line":15,"column":4},"end":{"line":15,"column":16}},"7":{"start":{"line":19,"column":2},"end":{"line":21,"column":3}},"8":{"start":{"line":20,"column":4},"end":{"line":20,"column":77}},"9":{"start":{"line":23,"column":2},"end":{"line":23,"column":23}},"10":{"start":{"line":28,"column":2},"end":{"line":32,"column":3}},"11":{"start":{"line":29,"column":4},"end":{"line":31,"column":7}},"12":{"start":{"line":30,"column":6},"end":{"line":30,"column":39}},"13":{"start":{"line":34,"column":2},"end":{"line":34,"column":14}},"14":{"start":{"line":37,"column":0},"end":{"line":37,"column":26}},"15":{"start":{"line":38,"column":0},"end":{"line":38,"column":30}}},"branchMap":{"1":{"line":9,"type":"if","locations":[{"start":{"line":9,"column":2},"end":{"line":9,"column":2}},{"start":{"line":9,"column":2},"end":{"line":9,"column":2}}]},"2":{"line":10,"type":"if","locations":[{"start":{"line":10,"column":4},"end":{"line":10,"column":4}},{"start":{"line":10,"column":4},"end":{"line":10,"column":4}}]},"3":{"line":19,"type":"if","locations":[{"start":{"line":19,"column":2},"end":{"line":19,"column":2}},{"start":{"line":19,"column":2},"end":{"line":19,"column":2}}]},"4":{"line":28,"type":"if","locations":[{"start":{"line":28,"column":2},"end":{"line":28,"column":2}},{"start":{"line":28,"column":2},"end":{"line":28,"column":2}}]}},"code":["// Browser implementation of { locales, addLocale }","//","'use strict';","","var locales = require('./locales_browser_data.json');","","function addLocale(name, data) {","  // if data not set, then check available","  if (typeof data === 'undefined') {","    if (Object.keys(locales).indexOf(name) === -1) {","      throw new Error('Locale not found:' + name);","    }","","    // Do nothing because all locales already loaded","    return true;","  }","","  // data in file","  if (typeof data === 'string') {","    throw new Error('Charlatan: loading from file not supported in browser');","  }","","  locales[name] = data;","","  // compatibility layer for ruby Faker: we DON'T use intermediate","  // level `faker`, but wish to have universal localizations.","  // So, if `faker` section exists then its children moved 1 level up.","  if (data.faker) {","    Object.keys(data.faker).forEach(function (k) {","      locales[name][k] = data.faker[k];","    });","  }","","  return true;","}","","exports.locales = locales;","exports.addLocale = addLocale;",""],"l":{"5":1,"7":1,"9":0,"10":0,"11":0,"15":0,"19":0,"20":0,"23":0,"28":0,"29":0,"30":0,"34":0,"37":1,"38":1}}}